{"/Users/antoinecharette/Documents/projects/codefellows/code401/code401-data-structures-and-algorithms/hash-table/hash-table.js": {"path":"/Users/antoinecharette/Documents/projects/codefellows/code401/code401-data-structures-and-algorithms/hash-table/hash-table.js","statementMap":{"0":{"start":{"line":3,"column":23},"end":{"line":3,"column":85}},"1":{"start":{"line":5,"column":0},"end":{"line":63,"column":2}},"2":{"start":{"line":7,"column":4},"end":{"line":7,"column":21}},"3":{"start":{"line":8,"column":4},"end":{"line":8,"column":31}},"4":{"start":{"line":12,"column":14},"end":{"line":12,"column":15}},"5":{"start":{"line":14,"column":4},"end":{"line":16,"column":5}},"6":{"start":{"line":14,"column":17},"end":{"line":14,"column":18}},"7":{"start":{"line":15,"column":6},"end":{"line":15,"column":31}},"8":{"start":{"line":17,"column":4},"end":{"line":17,"column":35}},"9":{"start":{"line":21,"column":18},"end":{"line":21,"column":32}},"10":{"start":{"line":22,"column":19},"end":{"line":22,"column":34}},"11":{"start":{"line":23,"column":20},"end":{"line":25,"column":5}},"12":{"start":{"line":27,"column":4},"end":{"line":33,"column":5}},"13":{"start":{"line":28,"column":6},"end":{"line":28,"column":29}},"14":{"start":{"line":30,"column":19},"end":{"line":30,"column":35}},"15":{"start":{"line":31,"column":6},"end":{"line":31,"column":27}},"16":{"start":{"line":32,"column":6},"end":{"line":32,"column":29}},"17":{"start":{"line":37,"column":18},"end":{"line":37,"column":32}},"18":{"start":{"line":38,"column":19},"end":{"line":38,"column":34}},"19":{"start":{"line":40,"column":4},"end":{"line":50,"column":5}},"20":{"start":{"line":41,"column":20},"end":{"line":41,"column":31}},"21":{"start":{"line":42,"column":6},"end":{"line":47,"column":7}},"22":{"start":{"line":43,"column":8},"end":{"line":45,"column":9}},"23":{"start":{"line":44,"column":10},"end":{"line":44,"column":36}},"24":{"start":{"line":46,"column":8},"end":{"line":46,"column":31}},"25":{"start":{"line":49,"column":6},"end":{"line":49,"column":18}},"26":{"start":{"line":54,"column":18},"end":{"line":54,"column":32}},"27":{"start":{"line":55,"column":19},"end":{"line":55,"column":34}},"28":{"start":{"line":57,"column":4},"end":{"line":61,"column":5}},"29":{"start":{"line":58,"column":6},"end":{"line":58,"column":18}},"30":{"start":{"line":60,"column":6},"end":{"line":60,"column":19}}},"fnMap":{"0":{"name":"(anonymous_0)","decl":{"start":{"line":6,"column":2},"end":{"line":6,"column":3}},"loc":{"start":{"line":6,"column":20},"end":{"line":9,"column":3}},"line":6},"1":{"name":"(anonymous_1)","decl":{"start":{"line":11,"column":2},"end":{"line":11,"column":3}},"loc":{"start":{"line":11,"column":12},"end":{"line":18,"column":3}},"line":11},"2":{"name":"(anonymous_2)","decl":{"start":{"line":20,"column":2},"end":{"line":20,"column":3}},"loc":{"start":{"line":20,"column":18},"end":{"line":34,"column":3}},"line":20},"3":{"name":"(anonymous_3)","decl":{"start":{"line":36,"column":2},"end":{"line":36,"column":3}},"loc":{"start":{"line":36,"column":11},"end":{"line":51,"column":3}},"line":36},"4":{"name":"(anonymous_4)","decl":{"start":{"line":53,"column":2},"end":{"line":53,"column":3}},"loc":{"start":{"line":53,"column":16},"end":{"line":62,"column":3}},"line":53}},"branchMap":{"0":{"loc":{"start":{"line":27,"column":4},"end":{"line":33,"column":5}},"type":"if","locations":[{"start":{"line":27,"column":4},"end":{"line":33,"column":5}},{"start":{"line":29,"column":11},"end":{"line":33,"column":5}}],"line":27},"1":{"loc":{"start":{"line":40,"column":4},"end":{"line":50,"column":5}},"type":"if","locations":[{"start":{"line":40,"column":4},"end":{"line":50,"column":5}},{"start":{"line":48,"column":11},"end":{"line":50,"column":5}}],"line":40},"2":{"loc":{"start":{"line":43,"column":8},"end":{"line":45,"column":9}},"type":"if","locations":[{"start":{"line":43,"column":8},"end":{"line":45,"column":9}},{"start":{},"end":{}}],"line":43},"3":{"loc":{"start":{"line":57,"column":4},"end":{"line":61,"column":5}},"type":"if","locations":[{"start":{"line":57,"column":4},"end":{"line":61,"column":5}},{"start":{"line":59,"column":11},"end":{"line":61,"column":5}}],"line":57}},"s":{"0":1,"1":1,"2":7,"3":7,"4":17,"5":17,"6":17,"7":111,"8":17,"9":8,"10":8,"11":8,"12":8,"13":2,"14":6,"15":6,"16":6,"17":2,"18":2,"19":2,"20":1,"21":1,"22":1,"23":1,"24":0,"25":1,"26":2,"27":2,"28":2,"29":1,"30":1},"f":{"0":7,"1":17,"2":8,"3":2,"4":2},"b":{"0":[2,6],"1":[1,1],"2":[1,0],"3":[1,1]},"_coverageSchema":"1a1c01bbd47fc00a2c39e90264f33305004495a9","hash":"3a5a0459270a343d1b4a4091844a8966b7f85fac"}
,"/Users/antoinecharette/Documents/projects/codefellows/code401/code401-data-structures-and-algorithms/hashmap-repeated-word/hashmap-repeated-word.js": {"path":"/Users/antoinecharette/Documents/projects/codefellows/code401/code401-data-structures-and-algorithms/hashmap-repeated-word/hashmap-repeated-word.js","statementMap":{"0":{"start":{"line":1,"column":28},"end":{"line":11,"column":1}},"1":{"start":{"line":2,"column":16},"end":{"line":2,"column":35}},"2":{"start":{"line":3,"column":14},"end":{"line":3,"column":16}},"3":{"start":{"line":4,"column":15},"end":{"line":4,"column":17}},"4":{"start":{"line":6,"column":2},"end":{"line":6,"column":38}},"5":{"start":{"line":7,"column":2},"end":{"line":7,"column":33}},"6":{"start":{"line":8,"column":2},"end":{"line":8,"column":27}},"7":{"start":{"line":10,"column":2},"end":{"line":10,"column":16}},"8":{"start":{"line":13,"column":22},"end":{"line":31,"column":1}},"9":{"start":{"line":14,"column":15},"end":{"line":14,"column":17}},"10":{"start":{"line":15,"column":25},"end":{"line":15,"column":30}},"11":{"start":{"line":17,"column":2},"end":{"line":28,"column":3}},"12":{"start":{"line":18,"column":4},"end":{"line":18,"column":30}},"13":{"start":{"line":19,"column":4},"end":{"line":27,"column":5}},"14":{"start":{"line":20,"column":6},"end":{"line":20,"column":20}},"15":{"start":{"line":22,"column":6},"end":{"line":22,"column":32}},"16":{"start":{"line":23,"column":6},"end":{"line":26,"column":7}},"17":{"start":{"line":24,"column":8},"end":{"line":24,"column":32}},"18":{"start":{"line":25,"column":8},"end":{"line":25,"column":58}},"19":{"start":{"line":30,"column":2},"end":{"line":30,"column":16}},"20":{"start":{"line":33,"column":24},"end":{"line":57,"column":1}},"21":{"start":{"line":34,"column":15},"end":{"line":34,"column":46}},"22":{"start":{"line":35,"column":23},"end":{"line":35,"column":25}},"23":{"start":{"line":37,"column":2},"end":{"line":50,"column":3}},"24":{"start":{"line":38,"column":4},"end":{"line":49,"column":78}},"25":{"start":{"line":38,"column":26},"end":{"line":38,"column":71}},"26":{"start":{"line":39,"column":9},"end":{"line":49,"column":78}},"27":{"start":{"line":40,"column":6},"end":{"line":40,"column":40}},"28":{"start":{"line":41,"column":6},"end":{"line":41,"column":40}},"29":{"start":{"line":42,"column":6},"end":{"line":42,"column":51}},"30":{"start":{"line":43,"column":11},"end":{"line":49,"column":78}},"31":{"start":{"line":44,"column":6},"end":{"line":44,"column":40}},"32":{"start":{"line":45,"column":6},"end":{"line":45,"column":51}},"33":{"start":{"line":46,"column":11},"end":{"line":49,"column":78}},"34":{"start":{"line":46,"column":33},"end":{"line":46,"column":78}},"35":{"start":{"line":47,"column":9},"end":{"line":49,"column":78}},"36":{"start":{"line":48,"column":6},"end":{"line":48,"column":51}},"37":{"start":{"line":49,"column":11},"end":{"line":49,"column":78}},"38":{"start":{"line":49,"column":33},"end":{"line":49,"column":78}},"39":{"start":{"line":52,"column":2},"end":{"line":54,"column":3}},"40":{"start":{"line":53,"column":4},"end":{"line":53,"column":59}},"41":{"start":{"line":53,"column":15},"end":{"line":53,"column":59}},"42":{"start":{"line":56,"column":2},"end":{"line":56,"column":16}},"43":{"start":{"line":59,"column":18},"end":{"line":67,"column":1}},"44":{"start":{"line":60,"column":15},"end":{"line":60,"column":26}},"45":{"start":{"line":62,"column":2},"end":{"line":64,"column":3}},"46":{"start":{"line":63,"column":4},"end":{"line":63,"column":40}},"47":{"start":{"line":66,"column":2},"end":{"line":66,"column":16}},"48":{"start":{"line":69,"column":0},"end":{"line":69,"column":37}}},"fnMap":{"0":{"name":"(anonymous_0)","decl":{"start":{"line":1,"column":28},"end":{"line":1,"column":29}},"loc":{"start":{"line":1,"column":37},"end":{"line":11,"column":1}},"line":1},"1":{"name":"(anonymous_1)","decl":{"start":{"line":13,"column":22},"end":{"line":13,"column":23}},"loc":{"start":{"line":13,"column":38},"end":{"line":31,"column":1}},"line":13},"2":{"name":"(anonymous_2)","decl":{"start":{"line":33,"column":24},"end":{"line":33,"column":25}},"loc":{"start":{"line":33,"column":33},"end":{"line":57,"column":1}},"line":33},"3":{"name":"(anonymous_3)","decl":{"start":{"line":59,"column":18},"end":{"line":59,"column":19}},"loc":{"start":{"line":59,"column":27},"end":{"line":67,"column":1}},"line":59}},"branchMap":{"0":{"loc":{"start":{"line":19,"column":4},"end":{"line":27,"column":5}},"type":"if","locations":[{"start":{"line":19,"column":4},"end":{"line":27,"column":5}},{"start":{"line":21,"column":11},"end":{"line":27,"column":5}}],"line":19},"1":{"loc":{"start":{"line":23,"column":6},"end":{"line":26,"column":7}},"type":"if","locations":[{"start":{"line":23,"column":6},"end":{"line":26,"column":7}},{"start":{},"end":{}}],"line":23},"2":{"loc":{"start":{"line":38,"column":4},"end":{"line":49,"column":78}},"type":"if","locations":[{"start":{"line":38,"column":4},"end":{"line":49,"column":78}},{"start":{"line":39,"column":9},"end":{"line":49,"column":78}}],"line":38},"3":{"loc":{"start":{"line":39,"column":9},"end":{"line":49,"column":78}},"type":"if","locations":[{"start":{"line":39,"column":9},"end":{"line":49,"column":78}},{"start":{"line":43,"column":11},"end":{"line":49,"column":78}}],"line":39},"4":{"loc":{"start":{"line":43,"column":11},"end":{"line":49,"column":78}},"type":"if","locations":[{"start":{"line":43,"column":11},"end":{"line":49,"column":78}},{"start":{"line":46,"column":11},"end":{"line":49,"column":78}}],"line":43},"5":{"loc":{"start":{"line":43,"column":15},"end":{"line":43,"column":67}},"type":"binary-expr","locations":[{"start":{"line":43,"column":15},"end":{"line":43,"column":30}},{"start":{"line":43,"column":34},"end":{"line":43,"column":67}}],"line":43},"6":{"loc":{"start":{"line":46,"column":11},"end":{"line":49,"column":78}},"type":"if","locations":[{"start":{"line":46,"column":11},"end":{"line":49,"column":78}},{"start":{"line":47,"column":9},"end":{"line":49,"column":78}}],"line":46},"7":{"loc":{"start":{"line":47,"column":9},"end":{"line":49,"column":78}},"type":"if","locations":[{"start":{"line":47,"column":9},"end":{"line":49,"column":78}},{"start":{"line":49,"column":11},"end":{"line":49,"column":78}}],"line":47},"8":{"loc":{"start":{"line":47,"column":13},"end":{"line":47,"column":65}},"type":"binary-expr","locations":[{"start":{"line":47,"column":13},"end":{"line":47,"column":28}},{"start":{"line":47,"column":32},"end":{"line":47,"column":65}}],"line":47},"9":{"loc":{"start":{"line":49,"column":11},"end":{"line":49,"column":78}},"type":"if","locations":[{"start":{"line":49,"column":11},"end":{"line":49,"column":78}},{"start":{},"end":{}}],"line":49},"10":{"loc":{"start":{"line":53,"column":4},"end":{"line":53,"column":59}},"type":"if","locations":[{"start":{"line":53,"column":4},"end":{"line":53,"column":59}},{"start":{},"end":{}}],"line":53}},"s":{"0":1,"1":3,"2":3,"3":3,"4":3,"5":3,"6":3,"7":3,"8":1,"9":3,"10":3,"11":3,"12":56,"13":56,"14":32,"15":24,"16":24,"17":3,"18":3,"19":3,"20":1,"21":3,"22":3,"23":3,"24":32,"25":3,"26":29,"27":5,"28":5,"29":5,"30":24,"31":1,"32":1,"33":23,"34":0,"35":23,"36":2,"37":21,"38":2,"39":3,"40":9,"41":9,"42":3,"43":1,"44":3,"45":3,"46":32,"47":3,"48":1},"f":{"0":3,"1":3,"2":3,"3":3},"b":{"0":[32,24],"1":[3,21],"2":[3,29],"3":[5,24],"4":[1,23],"5":[24,24],"6":[0,23],"7":[2,21],"8":[23,21],"9":[2,19],"10":[9,0]},"_coverageSchema":"1a1c01bbd47fc00a2c39e90264f33305004495a9","hash":"c4b32ae3fbf6515b7c55ee37a871ae36d25e75bf"}
,"/Users/antoinecharette/Documents/projects/codefellows/code401/code401-data-structures-and-algorithms/insertion-sort/insertion-sort.js": {"path":"/Users/antoinecharette/Documents/projects/codefellows/code401/code401-data-structures-and-algorithms/insertion-sort/insertion-sort.js","statementMap":{"0":{"start":{"line":3,"column":0},"end":{"line":14,"column":2}},"1":{"start":{"line":4,"column":2},"end":{"line":12,"column":3}},"2":{"start":{"line":4,"column":15},"end":{"line":4,"column":16}},"3":{"start":{"line":5,"column":12},"end":{"line":5,"column":17}},"4":{"start":{"line":6,"column":15},"end":{"line":6,"column":21}},"5":{"start":{"line":7,"column":4},"end":{"line":10,"column":5}},"6":{"start":{"line":8,"column":6},"end":{"line":8,"column":26}},"7":{"start":{"line":9,"column":6},"end":{"line":9,"column":16}},"8":{"start":{"line":11,"column":4},"end":{"line":11,"column":22}},"9":{"start":{"line":13,"column":2},"end":{"line":13,"column":13}}},"fnMap":{"0":{"name":"(anonymous_0)","decl":{"start":{"line":3,"column":17},"end":{"line":3,"column":18}},"loc":{"start":{"line":3,"column":26},"end":{"line":14,"column":1}},"line":3}},"branchMap":{"0":{"loc":{"start":{"line":7,"column":11},"end":{"line":7,"column":34}},"type":"binary-expr","locations":[{"start":{"line":7,"column":11},"end":{"line":7,"column":17}},{"start":{"line":7,"column":21},"end":{"line":7,"column":34}}],"line":7}},"s":{"0":1,"1":4,"2":4,"3":24,"4":24,"5":24,"6":28,"7":28,"8":24,"9":4},"f":{"0":4},"b":{"0":[52,42]},"_coverageSchema":"1a1c01bbd47fc00a2c39e90264f33305004495a9","hash":"e8b425219c988a77c4c21254f560597af532d9fd"}
,"/Users/antoinecharette/Documents/projects/codefellows/code401/code401-data-structures-and-algorithms/linked-list-insertions/linked-list-insertions.js": {"path":"/Users/antoinecharette/Documents/projects/codefellows/code401/code401-data-structures-and-algorithms/linked-list-insertions/linked-list-insertions.js","statementMap":{"0":{"start":{"line":5,"column":4},"end":{"line":5,"column":23}},"1":{"start":{"line":6,"column":4},"end":{"line":6,"column":21}},"2":{"start":{"line":12,"column":4},"end":{"line":12,"column":21}},"3":{"start":{"line":16,"column":4},"end":{"line":19,"column":5}},"4":{"start":{"line":17,"column":6},"end":{"line":17,"column":27}},"5":{"start":{"line":18,"column":6},"end":{"line":18,"column":29}},"6":{"start":{"line":23,"column":20},"end":{"line":23,"column":35}},"7":{"start":{"line":24,"column":20},"end":{"line":24,"column":29}},"8":{"start":{"line":25,"column":4},"end":{"line":25,"column":24}},"9":{"start":{"line":26,"column":4},"end":{"line":26,"column":27}},"10":{"start":{"line":30,"column":18},"end":{"line":30,"column":27}},"11":{"start":{"line":31,"column":4},"end":{"line":36,"column":5}},"12":{"start":{"line":32,"column":6},"end":{"line":34,"column":7}},"13":{"start":{"line":33,"column":8},"end":{"line":33,"column":20}},"14":{"start":{"line":35,"column":6},"end":{"line":35,"column":29}},"15":{"start":{"line":37,"column":4},"end":{"line":37,"column":17}},"16":{"start":{"line":41,"column":18},"end":{"line":41,"column":27}},"17":{"start":{"line":42,"column":17},"end":{"line":42,"column":19}},"18":{"start":{"line":43,"column":4},"end":{"line":46,"column":5}},"19":{"start":{"line":44,"column":6},"end":{"line":44,"column":43}},"20":{"start":{"line":45,"column":6},"end":{"line":45,"column":29}},"21":{"start":{"line":47,"column":4},"end":{"line":47,"column":30}},"22":{"start":{"line":51,"column":4},"end":{"line":59,"column":5}},"23":{"start":{"line":52,"column":20},"end":{"line":52,"column":29}},"24":{"start":{"line":53,"column":6},"end":{"line":55,"column":7}},"25":{"start":{"line":54,"column":8},"end":{"line":54,"column":31}},"26":{"start":{"line":56,"column":6},"end":{"line":56,"column":37}},"27":{"start":{"line":58,"column":6},"end":{"line":58,"column":43}},"28":{"start":{"line":63,"column":18},"end":{"line":63,"column":27}},"29":{"start":{"line":64,"column":20},"end":{"line":64,"column":38}},"30":{"start":{"line":65,"column":4},"end":{"line":76,"column":5}},"31":{"start":{"line":66,"column":6},"end":{"line":74,"column":7}},"32":{"start":{"line":67,"column":8},"end":{"line":67,"column":33}},"33":{"start":{"line":68,"column":8},"end":{"line":68,"column":28}},"34":{"start":{"line":69,"column":8},"end":{"line":69,"column":15}},"35":{"start":{"line":70,"column":13},"end":{"line":74,"column":7}},"36":{"start":{"line":71,"column":8},"end":{"line":71,"column":36}},"37":{"start":{"line":72,"column":8},"end":{"line":72,"column":31}},"38":{"start":{"line":73,"column":8},"end":{"line":73,"column":15}},"39":{"start":{"line":75,"column":6},"end":{"line":75,"column":29}},"40":{"start":{"line":80,"column":18},"end":{"line":80,"column":27}},"41":{"start":{"line":81,"column":20},"end":{"line":81,"column":38}},"42":{"start":{"line":82,"column":4},"end":{"line":88,"column":5}},"43":{"start":{"line":83,"column":6},"end":{"line":86,"column":7}},"44":{"start":{"line":84,"column":8},"end":{"line":84,"column":36}},"45":{"start":{"line":85,"column":8},"end":{"line":85,"column":31}},"46":{"start":{"line":87,"column":6},"end":{"line":87,"column":29}},"47":{"start":{"line":92,"column":0},"end":{"line":95,"column":2}}},"fnMap":{"0":{"name":"(anonymous_0)","decl":{"start":{"line":4,"column":2},"end":{"line":4,"column":3}},"loc":{"start":{"line":4,"column":21},"end":{"line":7,"column":3}},"line":4},"1":{"name":"(anonymous_1)","decl":{"start":{"line":11,"column":2},"end":{"line":11,"column":3}},"loc":{"start":{"line":11,"column":16},"end":{"line":13,"column":3}},"line":11},"2":{"name":"(anonymous_2)","decl":{"start":{"line":15,"column":2},"end":{"line":15,"column":3}},"loc":{"start":{"line":15,"column":20},"end":{"line":20,"column":3}},"line":15},"3":{"name":"(anonymous_3)","decl":{"start":{"line":22,"column":2},"end":{"line":22,"column":3}},"loc":{"start":{"line":22,"column":16},"end":{"line":27,"column":3}},"line":22},"4":{"name":"(anonymous_4)","decl":{"start":{"line":29,"column":2},"end":{"line":29,"column":3}},"loc":{"start":{"line":29,"column":18},"end":{"line":38,"column":3}},"line":29},"5":{"name":"(anonymous_5)","decl":{"start":{"line":40,"column":2},"end":{"line":40,"column":3}},"loc":{"start":{"line":40,"column":13},"end":{"line":48,"column":3}},"line":40},"6":{"name":"(anonymous_6)","decl":{"start":{"line":50,"column":2},"end":{"line":50,"column":3}},"loc":{"start":{"line":50,"column":16},"end":{"line":60,"column":3}},"line":50},"7":{"name":"(anonymous_7)","decl":{"start":{"line":62,"column":2},"end":{"line":62,"column":3}},"loc":{"start":{"line":62,"column":32},"end":{"line":77,"column":3}},"line":62},"8":{"name":"(anonymous_8)","decl":{"start":{"line":79,"column":2},"end":{"line":79,"column":3}},"loc":{"start":{"line":79,"column":31},"end":{"line":89,"column":3}},"line":79}},"branchMap":{"0":{"loc":{"start":{"line":16,"column":4},"end":{"line":19,"column":5}},"type":"if","locations":[{"start":{"line":16,"column":4},"end":{"line":19,"column":5}},{"start":{},"end":{}}],"line":16},"1":{"loc":{"start":{"line":32,"column":6},"end":{"line":34,"column":7}},"type":"if","locations":[{"start":{"line":32,"column":6},"end":{"line":34,"column":7}},{"start":{},"end":{}}],"line":32},"2":{"loc":{"start":{"line":51,"column":4},"end":{"line":59,"column":5}},"type":"if","locations":[{"start":{"line":51,"column":4},"end":{"line":59,"column":5}},{"start":{"line":57,"column":11},"end":{"line":59,"column":5}}],"line":51},"3":{"loc":{"start":{"line":66,"column":6},"end":{"line":74,"column":7}},"type":"if","locations":[{"start":{"line":66,"column":6},"end":{"line":74,"column":7}},{"start":{"line":70,"column":13},"end":{"line":74,"column":7}}],"line":66},"4":{"loc":{"start":{"line":70,"column":13},"end":{"line":74,"column":7}},"type":"if","locations":[{"start":{"line":70,"column":13},"end":{"line":74,"column":7}},{"start":{},"end":{}}],"line":70},"5":{"loc":{"start":{"line":83,"column":6},"end":{"line":86,"column":7}},"type":"if","locations":[{"start":{"line":83,"column":6},"end":{"line":86,"column":7}},{"start":{},"end":{}}],"line":83}},"s":{"0":53,"1":53,"2":27,"3":0,"4":0,"5":0,"6":1,"7":1,"8":1,"9":1,"10":2,"11":2,"12":2,"13":1,"14":1,"15":1,"16":1,"17":1,"18":1,"19":4,"20":4,"21":1,"22":23,"23":8,"24":8,"25":7,"26":8,"27":15,"28":2,"29":2,"30":2,"31":2,"32":1,"33":1,"34":1,"35":1,"36":1,"37":1,"38":1,"39":0,"40":2,"41":2,"42":2,"43":8,"44":2,"45":2,"46":8,"47":3},"f":{"0":53,"1":27,"2":0,"3":1,"4":2,"5":1,"6":23,"7":2,"8":2},"b":{"0":[0,0],"1":[1,1],"2":[8,15],"3":[1,1],"4":[1,0],"5":[2,6]},"_coverageSchema":"1a1c01bbd47fc00a2c39e90264f33305004495a9","hash":"c975d6bc9c6e18ce98b4bd9abe89df0da65cb803"}
,"/Users/antoinecharette/Documents/projects/codefellows/code401/code401-data-structures-and-algorithms/linked-list-kth/linked-list-kth.js": {"path":"/Users/antoinecharette/Documents/projects/codefellows/code401/code401-data-structures-and-algorithms/linked-list-kth/linked-list-kth.js","statementMap":{"0":{"start":{"line":5,"column":4},"end":{"line":5,"column":23}},"1":{"start":{"line":6,"column":4},"end":{"line":6,"column":21}},"2":{"start":{"line":12,"column":4},"end":{"line":12,"column":21}},"3":{"start":{"line":16,"column":4},"end":{"line":19,"column":5}},"4":{"start":{"line":17,"column":6},"end":{"line":17,"column":27}},"5":{"start":{"line":18,"column":6},"end":{"line":18,"column":29}},"6":{"start":{"line":23,"column":20},"end":{"line":23,"column":29}},"7":{"start":{"line":24,"column":4},"end":{"line":24,"column":24}},"8":{"start":{"line":25,"column":4},"end":{"line":25,"column":27}},"9":{"start":{"line":29,"column":18},"end":{"line":29,"column":27}},"10":{"start":{"line":30,"column":4},"end":{"line":35,"column":5}},"11":{"start":{"line":31,"column":6},"end":{"line":33,"column":7}},"12":{"start":{"line":32,"column":8},"end":{"line":32,"column":20}},"13":{"start":{"line":34,"column":6},"end":{"line":34,"column":29}},"14":{"start":{"line":36,"column":4},"end":{"line":36,"column":17}},"15":{"start":{"line":40,"column":18},"end":{"line":40,"column":27}},"16":{"start":{"line":41,"column":17},"end":{"line":41,"column":19}},"17":{"start":{"line":42,"column":4},"end":{"line":45,"column":5}},"18":{"start":{"line":43,"column":6},"end":{"line":43,"column":43}},"19":{"start":{"line":44,"column":6},"end":{"line":44,"column":29}},"20":{"start":{"line":46,"column":4},"end":{"line":46,"column":30}},"21":{"start":{"line":50,"column":18},"end":{"line":50,"column":27}},"22":{"start":{"line":51,"column":4},"end":{"line":53,"column":5}},"23":{"start":{"line":52,"column":6},"end":{"line":52,"column":29}},"24":{"start":{"line":54,"column":4},"end":{"line":54,"column":35}},"25":{"start":{"line":58,"column":18},"end":{"line":58,"column":27}},"26":{"start":{"line":59,"column":20},"end":{"line":59,"column":38}},"27":{"start":{"line":60,"column":4},"end":{"line":71,"column":5}},"28":{"start":{"line":61,"column":6},"end":{"line":69,"column":7}},"29":{"start":{"line":62,"column":8},"end":{"line":62,"column":33}},"30":{"start":{"line":63,"column":8},"end":{"line":63,"column":28}},"31":{"start":{"line":64,"column":8},"end":{"line":64,"column":15}},"32":{"start":{"line":65,"column":13},"end":{"line":69,"column":7}},"33":{"start":{"line":66,"column":8},"end":{"line":66,"column":36}},"34":{"start":{"line":67,"column":8},"end":{"line":67,"column":31}},"35":{"start":{"line":68,"column":8},"end":{"line":68,"column":15}},"36":{"start":{"line":70,"column":6},"end":{"line":70,"column":29}},"37":{"start":{"line":75,"column":18},"end":{"line":75,"column":27}},"38":{"start":{"line":76,"column":20},"end":{"line":76,"column":38}},"39":{"start":{"line":77,"column":4},"end":{"line":83,"column":5}},"40":{"start":{"line":78,"column":6},"end":{"line":81,"column":7}},"41":{"start":{"line":79,"column":8},"end":{"line":79,"column":36}},"42":{"start":{"line":80,"column":8},"end":{"line":80,"column":31}},"43":{"start":{"line":82,"column":6},"end":{"line":82,"column":29}},"44":{"start":{"line":87,"column":4},"end":{"line":103,"column":5}},"45":{"start":{"line":88,"column":20},"end":{"line":88,"column":29}},"46":{"start":{"line":89,"column":24},"end":{"line":89,"column":25}},"47":{"start":{"line":90,"column":22},"end":{"line":90,"column":24}},"48":{"start":{"line":91,"column":6},"end":{"line":95,"column":7}},"49":{"start":{"line":92,"column":8},"end":{"line":92,"column":45}},"50":{"start":{"line":93,"column":8},"end":{"line":93,"column":31}},"51":{"start":{"line":94,"column":8},"end":{"line":94,"column":22}},"52":{"start":{"line":96,"column":6},"end":{"line":100,"column":7}},"53":{"start":{"line":97,"column":8},"end":{"line":97,"column":47}},"54":{"start":{"line":99,"column":8},"end":{"line":99,"column":31}},"55":{"start":{"line":102,"column":6},"end":{"line":102,"column":29}},"56":{"start":{"line":107,"column":0},"end":{"line":110,"column":2}}},"fnMap":{"0":{"name":"(anonymous_0)","decl":{"start":{"line":4,"column":2},"end":{"line":4,"column":3}},"loc":{"start":{"line":4,"column":21},"end":{"line":7,"column":3}},"line":4},"1":{"name":"(anonymous_1)","decl":{"start":{"line":11,"column":2},"end":{"line":11,"column":3}},"loc":{"start":{"line":11,"column":16},"end":{"line":13,"column":3}},"line":11},"2":{"name":"(anonymous_2)","decl":{"start":{"line":15,"column":2},"end":{"line":15,"column":3}},"loc":{"start":{"line":15,"column":20},"end":{"line":20,"column":3}},"line":15},"3":{"name":"(anonymous_3)","decl":{"start":{"line":22,"column":2},"end":{"line":22,"column":3}},"loc":{"start":{"line":22,"column":18},"end":{"line":26,"column":3}},"line":22},"4":{"name":"(anonymous_4)","decl":{"start":{"line":28,"column":2},"end":{"line":28,"column":3}},"loc":{"start":{"line":28,"column":18},"end":{"line":37,"column":3}},"line":28},"5":{"name":"(anonymous_5)","decl":{"start":{"line":39,"column":2},"end":{"line":39,"column":3}},"loc":{"start":{"line":39,"column":13},"end":{"line":47,"column":3}},"line":39},"6":{"name":"(anonymous_6)","decl":{"start":{"line":49,"column":2},"end":{"line":49,"column":3}},"loc":{"start":{"line":49,"column":16},"end":{"line":55,"column":3}},"line":49},"7":{"name":"(anonymous_7)","decl":{"start":{"line":57,"column":2},"end":{"line":57,"column":3}},"loc":{"start":{"line":57,"column":32},"end":{"line":72,"column":3}},"line":57},"8":{"name":"(anonymous_8)","decl":{"start":{"line":74,"column":2},"end":{"line":74,"column":3}},"loc":{"start":{"line":74,"column":31},"end":{"line":84,"column":3}},"line":74},"9":{"name":"(anonymous_9)","decl":{"start":{"line":86,"column":2},"end":{"line":86,"column":3}},"loc":{"start":{"line":86,"column":16},"end":{"line":104,"column":3}},"line":86}},"branchMap":{"0":{"loc":{"start":{"line":16,"column":4},"end":{"line":19,"column":5}},"type":"if","locations":[{"start":{"line":16,"column":4},"end":{"line":19,"column":5}},{"start":{},"end":{}}],"line":16},"1":{"loc":{"start":{"line":31,"column":6},"end":{"line":33,"column":7}},"type":"if","locations":[{"start":{"line":31,"column":6},"end":{"line":33,"column":7}},{"start":{},"end":{}}],"line":31},"2":{"loc":{"start":{"line":61,"column":6},"end":{"line":69,"column":7}},"type":"if","locations":[{"start":{"line":61,"column":6},"end":{"line":69,"column":7}},{"start":{"line":65,"column":13},"end":{"line":69,"column":7}}],"line":61},"3":{"loc":{"start":{"line":65,"column":13},"end":{"line":69,"column":7}},"type":"if","locations":[{"start":{"line":65,"column":13},"end":{"line":69,"column":7}},{"start":{},"end":{}}],"line":65},"4":{"loc":{"start":{"line":78,"column":6},"end":{"line":81,"column":7}},"type":"if","locations":[{"start":{"line":78,"column":6},"end":{"line":81,"column":7}},{"start":{},"end":{}}],"line":78},"5":{"loc":{"start":{"line":87,"column":4},"end":{"line":103,"column":5}},"type":"if","locations":[{"start":{"line":87,"column":4},"end":{"line":103,"column":5}},{"start":{"line":101,"column":11},"end":{"line":103,"column":5}}],"line":87},"6":{"loc":{"start":{"line":96,"column":6},"end":{"line":100,"column":7}},"type":"if","locations":[{"start":{"line":96,"column":6},"end":{"line":100,"column":7}},{"start":{"line":98,"column":13},"end":{"line":100,"column":7}}],"line":96}},"s":{"0":14,"1":14,"2":4,"3":0,"4":0,"5":0,"6":0,"7":0,"8":0,"9":0,"10":0,"11":0,"12":0,"13":0,"14":0,"15":0,"16":0,"17":0,"18":0,"19":0,"20":0,"21":0,"22":0,"23":0,"24":0,"25":0,"26":0,"27":0,"28":0,"29":0,"30":0,"31":0,"32":0,"33":0,"34":0,"35":0,"36":0,"37":0,"38":0,"39":0,"40":0,"41":0,"42":0,"43":0,"44":4,"45":3,"46":3,"47":3,"48":3,"49":12,"50":12,"51":12,"52":3,"53":1,"54":2,"55":1,"56":1},"f":{"0":14,"1":4,"2":0,"3":0,"4":0,"5":0,"6":0,"7":0,"8":0,"9":4},"b":{"0":[0,0],"1":[0,0],"2":[0,0],"3":[0,0],"4":[0,0],"5":[3,1],"6":[1,2]},"_coverageSchema":"1a1c01bbd47fc00a2c39e90264f33305004495a9","hash":"f3dc3e56121f82d937bba390953135309dbcf634"}
,"/Users/antoinecharette/Documents/projects/codefellows/code401/code401-data-structures-and-algorithms/linked-list-zip/linked-list-zip.js": {"path":"/Users/antoinecharette/Documents/projects/codefellows/code401/code401-data-structures-and-algorithms/linked-list-zip/linked-list-zip.js","statementMap":{"0":{"start":{"line":5,"column":4},"end":{"line":5,"column":23}},"1":{"start":{"line":6,"column":4},"end":{"line":6,"column":21}},"2":{"start":{"line":12,"column":4},"end":{"line":12,"column":21}},"3":{"start":{"line":16,"column":4},"end":{"line":19,"column":5}},"4":{"start":{"line":17,"column":6},"end":{"line":17,"column":27}},"5":{"start":{"line":18,"column":6},"end":{"line":18,"column":29}},"6":{"start":{"line":23,"column":20},"end":{"line":23,"column":29}},"7":{"start":{"line":24,"column":4},"end":{"line":24,"column":24}},"8":{"start":{"line":25,"column":4},"end":{"line":25,"column":27}},"9":{"start":{"line":29,"column":18},"end":{"line":29,"column":27}},"10":{"start":{"line":30,"column":4},"end":{"line":35,"column":5}},"11":{"start":{"line":31,"column":6},"end":{"line":33,"column":7}},"12":{"start":{"line":32,"column":8},"end":{"line":32,"column":20}},"13":{"start":{"line":34,"column":6},"end":{"line":34,"column":29}},"14":{"start":{"line":36,"column":4},"end":{"line":36,"column":17}},"15":{"start":{"line":40,"column":18},"end":{"line":40,"column":27}},"16":{"start":{"line":41,"column":17},"end":{"line":41,"column":19}},"17":{"start":{"line":42,"column":4},"end":{"line":45,"column":5}},"18":{"start":{"line":43,"column":6},"end":{"line":43,"column":43}},"19":{"start":{"line":44,"column":6},"end":{"line":44,"column":29}},"20":{"start":{"line":46,"column":4},"end":{"line":46,"column":30}},"21":{"start":{"line":50,"column":18},"end":{"line":50,"column":27}},"22":{"start":{"line":51,"column":4},"end":{"line":53,"column":5}},"23":{"start":{"line":52,"column":6},"end":{"line":52,"column":29}},"24":{"start":{"line":54,"column":4},"end":{"line":54,"column":35}},"25":{"start":{"line":58,"column":4},"end":{"line":60,"column":5}},"26":{"start":{"line":59,"column":6},"end":{"line":59,"column":13}},"27":{"start":{"line":61,"column":4},"end":{"line":65,"column":5}},"28":{"start":{"line":62,"column":6},"end":{"line":62,"column":26}},"29":{"start":{"line":64,"column":6},"end":{"line":64,"column":42}},"30":{"start":{"line":69,"column":18},"end":{"line":69,"column":27}},"31":{"start":{"line":70,"column":20},"end":{"line":70,"column":38}},"32":{"start":{"line":71,"column":4},"end":{"line":82,"column":5}},"33":{"start":{"line":72,"column":6},"end":{"line":80,"column":7}},"34":{"start":{"line":73,"column":8},"end":{"line":73,"column":33}},"35":{"start":{"line":74,"column":8},"end":{"line":74,"column":28}},"36":{"start":{"line":75,"column":8},"end":{"line":75,"column":15}},"37":{"start":{"line":76,"column":13},"end":{"line":80,"column":7}},"38":{"start":{"line":77,"column":8},"end":{"line":77,"column":36}},"39":{"start":{"line":78,"column":8},"end":{"line":78,"column":31}},"40":{"start":{"line":79,"column":8},"end":{"line":79,"column":15}},"41":{"start":{"line":81,"column":6},"end":{"line":81,"column":29}},"42":{"start":{"line":86,"column":18},"end":{"line":86,"column":27}},"43":{"start":{"line":87,"column":20},"end":{"line":87,"column":38}},"44":{"start":{"line":88,"column":4},"end":{"line":94,"column":5}},"45":{"start":{"line":89,"column":6},"end":{"line":92,"column":7}},"46":{"start":{"line":90,"column":8},"end":{"line":90,"column":36}},"47":{"start":{"line":91,"column":8},"end":{"line":91,"column":31}},"48":{"start":{"line":93,"column":6},"end":{"line":93,"column":29}},"49":{"start":{"line":98,"column":4},"end":{"line":114,"column":5}},"50":{"start":{"line":99,"column":20},"end":{"line":99,"column":29}},"51":{"start":{"line":100,"column":24},"end":{"line":100,"column":25}},"52":{"start":{"line":101,"column":22},"end":{"line":101,"column":24}},"53":{"start":{"line":102,"column":6},"end":{"line":106,"column":7}},"54":{"start":{"line":103,"column":8},"end":{"line":103,"column":45}},"55":{"start":{"line":104,"column":8},"end":{"line":104,"column":31}},"56":{"start":{"line":105,"column":8},"end":{"line":105,"column":22}},"57":{"start":{"line":107,"column":6},"end":{"line":111,"column":7}},"58":{"start":{"line":108,"column":8},"end":{"line":108,"column":47}},"59":{"start":{"line":110,"column":8},"end":{"line":110,"column":31}},"60":{"start":{"line":113,"column":6},"end":{"line":113,"column":29}},"61":{"start":{"line":117,"column":12},"end":{"line":146,"column":1}},"62":{"start":{"line":118,"column":2},"end":{"line":145,"column":3}},"63":{"start":{"line":119,"column":15},"end":{"line":119,"column":31}},"64":{"start":{"line":120,"column":23},"end":{"line":120,"column":30}},"65":{"start":{"line":121,"column":23},"end":{"line":121,"column":30}},"66":{"start":{"line":122,"column":4},"end":{"line":122,"column":25}},"67":{"start":{"line":123,"column":18},"end":{"line":123,"column":25}},"68":{"start":{"line":124,"column":4},"end":{"line":141,"column":5}},"69":{"start":{"line":125,"column":6},"end":{"line":132,"column":7}},"70":{"start":{"line":126,"column":8},"end":{"line":126,"column":43}},"71":{"start":{"line":127,"column":8},"end":{"line":127,"column":41}},"72":{"start":{"line":128,"column":8},"end":{"line":131,"column":9}},"73":{"start":{"line":129,"column":10},"end":{"line":129,"column":36}},"74":{"start":{"line":130,"column":10},"end":{"line":130,"column":33}},"75":{"start":{"line":133,"column":6},"end":{"line":140,"column":7}},"76":{"start":{"line":134,"column":8},"end":{"line":134,"column":43}},"77":{"start":{"line":135,"column":8},"end":{"line":135,"column":41}},"78":{"start":{"line":136,"column":8},"end":{"line":139,"column":9}},"79":{"start":{"line":137,"column":10},"end":{"line":137,"column":36}},"80":{"start":{"line":138,"column":10},"end":{"line":138,"column":33}},"81":{"start":{"line":142,"column":4},"end":{"line":142,"column":14}},"82":{"start":{"line":144,"column":4},"end":{"line":144,"column":16}},"83":{"start":{"line":148,"column":14},"end":{"line":148,"column":30}},"84":{"start":{"line":149,"column":0},"end":{"line":149,"column":25}},"85":{"start":{"line":150,"column":0},"end":{"line":150,"column":31}},"86":{"start":{"line":151,"column":0},"end":{"line":151,"column":36}},"87":{"start":{"line":152,"column":0},"end":{"line":152,"column":41}},"88":{"start":{"line":154,"column":14},"end":{"line":154,"column":30}},"89":{"start":{"line":155,"column":0},"end":{"line":155,"column":26}},"90":{"start":{"line":156,"column":0},"end":{"line":156,"column":31}},"91":{"start":{"line":157,"column":0},"end":{"line":157,"column":36}},"92":{"start":{"line":158,"column":0},"end":{"line":158,"column":41}},"93":{"start":{"line":160,"column":16},"end":{"line":160,"column":33}},"94":{"start":{"line":161,"column":0},"end":{"line":161,"column":32}},"95":{"start":{"line":163,"column":0},"end":{"line":167,"column":2}}},"fnMap":{"0":{"name":"(anonymous_0)","decl":{"start":{"line":4,"column":2},"end":{"line":4,"column":3}},"loc":{"start":{"line":4,"column":21},"end":{"line":7,"column":3}},"line":4},"1":{"name":"(anonymous_1)","decl":{"start":{"line":11,"column":2},"end":{"line":11,"column":3}},"loc":{"start":{"line":11,"column":16},"end":{"line":13,"column":3}},"line":11},"2":{"name":"(anonymous_2)","decl":{"start":{"line":15,"column":2},"end":{"line":15,"column":3}},"loc":{"start":{"line":15,"column":20},"end":{"line":20,"column":3}},"line":15},"3":{"name":"(anonymous_3)","decl":{"start":{"line":22,"column":2},"end":{"line":22,"column":3}},"loc":{"start":{"line":22,"column":18},"end":{"line":26,"column":3}},"line":22},"4":{"name":"(anonymous_4)","decl":{"start":{"line":28,"column":2},"end":{"line":28,"column":3}},"loc":{"start":{"line":28,"column":18},"end":{"line":37,"column":3}},"line":28},"5":{"name":"(anonymous_5)","decl":{"start":{"line":39,"column":2},"end":{"line":39,"column":3}},"loc":{"start":{"line":39,"column":13},"end":{"line":47,"column":3}},"line":39},"6":{"name":"(anonymous_6)","decl":{"start":{"line":49,"column":2},"end":{"line":49,"column":3}},"loc":{"start":{"line":49,"column":16},"end":{"line":55,"column":3}},"line":49},"7":{"name":"(anonymous_7)","decl":{"start":{"line":57,"column":2},"end":{"line":57,"column":3}},"loc":{"start":{"line":57,"column":28},"end":{"line":66,"column":3}},"line":57},"8":{"name":"(anonymous_8)","decl":{"start":{"line":68,"column":2},"end":{"line":68,"column":3}},"loc":{"start":{"line":68,"column":32},"end":{"line":83,"column":3}},"line":68},"9":{"name":"(anonymous_9)","decl":{"start":{"line":85,"column":2},"end":{"line":85,"column":3}},"loc":{"start":{"line":85,"column":31},"end":{"line":95,"column":3}},"line":85},"10":{"name":"(anonymous_10)","decl":{"start":{"line":97,"column":2},"end":{"line":97,"column":3}},"loc":{"start":{"line":97,"column":16},"end":{"line":115,"column":3}},"line":97},"11":{"name":"(anonymous_11)","decl":{"start":{"line":117,"column":12},"end":{"line":117,"column":13}},"loc":{"start":{"line":117,"column":24},"end":{"line":146,"column":1}},"line":117}},"branchMap":{"0":{"loc":{"start":{"line":16,"column":4},"end":{"line":19,"column":5}},"type":"if","locations":[{"start":{"line":16,"column":4},"end":{"line":19,"column":5}},{"start":{},"end":{}}],"line":16},"1":{"loc":{"start":{"line":31,"column":6},"end":{"line":33,"column":7}},"type":"if","locations":[{"start":{"line":31,"column":6},"end":{"line":33,"column":7}},{"start":{},"end":{}}],"line":31},"2":{"loc":{"start":{"line":58,"column":4},"end":{"line":60,"column":5}},"type":"if","locations":[{"start":{"line":58,"column":4},"end":{"line":60,"column":5}},{"start":{},"end":{}}],"line":58},"3":{"loc":{"start":{"line":61,"column":4},"end":{"line":65,"column":5}},"type":"if","locations":[{"start":{"line":61,"column":4},"end":{"line":65,"column":5}},{"start":{"line":63,"column":11},"end":{"line":65,"column":5}}],"line":61},"4":{"loc":{"start":{"line":72,"column":6},"end":{"line":80,"column":7}},"type":"if","locations":[{"start":{"line":72,"column":6},"end":{"line":80,"column":7}},{"start":{"line":76,"column":13},"end":{"line":80,"column":7}}],"line":72},"5":{"loc":{"start":{"line":76,"column":13},"end":{"line":80,"column":7}},"type":"if","locations":[{"start":{"line":76,"column":13},"end":{"line":80,"column":7}},{"start":{},"end":{}}],"line":76},"6":{"loc":{"start":{"line":89,"column":6},"end":{"line":92,"column":7}},"type":"if","locations":[{"start":{"line":89,"column":6},"end":{"line":92,"column":7}},{"start":{},"end":{}}],"line":89},"7":{"loc":{"start":{"line":98,"column":4},"end":{"line":114,"column":5}},"type":"if","locations":[{"start":{"line":98,"column":4},"end":{"line":114,"column":5}},{"start":{"line":112,"column":11},"end":{"line":114,"column":5}}],"line":98},"8":{"loc":{"start":{"line":107,"column":6},"end":{"line":111,"column":7}},"type":"if","locations":[{"start":{"line":107,"column":6},"end":{"line":111,"column":7}},{"start":{"line":109,"column":13},"end":{"line":111,"column":7}}],"line":107},"9":{"loc":{"start":{"line":118,"column":2},"end":{"line":145,"column":3}},"type":"if","locations":[{"start":{"line":118,"column":2},"end":{"line":145,"column":3}},{"start":{"line":143,"column":9},"end":{"line":145,"column":3}}],"line":118},"10":{"loc":{"start":{"line":118,"column":6},"end":{"line":118,"column":14}},"type":"binary-expr","locations":[{"start":{"line":118,"column":6},"end":{"line":118,"column":8}},{"start":{"line":118,"column":12},"end":{"line":118,"column":14}}],"line":118},"11":{"loc":{"start":{"line":124,"column":11},"end":{"line":124,"column":39}},"type":"binary-expr","locations":[{"start":{"line":124,"column":11},"end":{"line":124,"column":23}},{"start":{"line":124,"column":27},"end":{"line":124,"column":39}}],"line":124},"12":{"loc":{"start":{"line":125,"column":6},"end":{"line":132,"column":7}},"type":"if","locations":[{"start":{"line":125,"column":6},"end":{"line":132,"column":7}},{"start":{},"end":{}}],"line":125},"13":{"loc":{"start":{"line":128,"column":8},"end":{"line":131,"column":9}},"type":"if","locations":[{"start":{"line":128,"column":8},"end":{"line":131,"column":9}},{"start":{},"end":{}}],"line":128},"14":{"loc":{"start":{"line":128,"column":12},"end":{"line":128,"column":40}},"type":"binary-expr","locations":[{"start":{"line":128,"column":12},"end":{"line":128,"column":24}},{"start":{"line":128,"column":28},"end":{"line":128,"column":40}}],"line":128},"15":{"loc":{"start":{"line":133,"column":6},"end":{"line":140,"column":7}},"type":"if","locations":[{"start":{"line":133,"column":6},"end":{"line":140,"column":7}},{"start":{},"end":{}}],"line":133},"16":{"loc":{"start":{"line":136,"column":8},"end":{"line":139,"column":9}},"type":"if","locations":[{"start":{"line":136,"column":8},"end":{"line":139,"column":9}},{"start":{},"end":{}}],"line":136},"17":{"loc":{"start":{"line":136,"column":12},"end":{"line":136,"column":40}},"type":"binary-expr","locations":[{"start":{"line":136,"column":12},"end":{"line":136,"column":24}},{"start":{"line":136,"column":28},"end":{"line":136,"column":40}}],"line":136}},"s":{"0":56,"1":56,"2":10,"3":0,"4":0,"5":0,"6":0,"7":0,"8":0,"9":0,"10":0,"11":0,"12":0,"13":0,"14":0,"15":4,"16":4,"17":4,"18":32,"19":32,"20":4,"21":0,"22":0,"23":0,"24":0,"25":0,"26":0,"27":0,"28":0,"29":0,"30":0,"31":0,"32":0,"33":0,"34":0,"35":0,"36":0,"37":0,"38":0,"39":0,"40":0,"41":0,"42":0,"43":0,"44":0,"45":0,"46":0,"47":0,"48":0,"49":0,"50":0,"51":0,"52":0,"53":0,"54":0,"55":0,"56":0,"57":0,"58":0,"59":0,"60":0,"61":1,"62":4,"63":4,"64":4,"65":4,"66":4,"67":4,"68":4,"69":18,"70":16,"71":16,"72":16,"73":15,"74":15,"75":18,"76":16,"77":16,"78":16,"79":13,"80":13,"81":4,"82":0,"83":1,"84":1,"85":1,"86":1,"87":1,"88":1,"89":1,"90":1,"91":1,"92":1,"93":1,"94":1,"95":1},"f":{"0":56,"1":10,"2":0,"3":0,"4":0,"5":4,"6":0,"7":0,"8":0,"9":0,"10":0,"11":4},"b":{"0":[0,0],"1":[0,0],"2":[0,0],"3":[0,0],"4":[0,0],"5":[0,0],"6":[0,0],"7":[0,0],"8":[0,0],"9":[4,0],"10":[4,4],"11":[22,6],"12":[16,2],"13":[15,1],"14":[16,4],"15":[16,2],"16":[13,3],"17":[16,5]},"_coverageSchema":"1a1c01bbd47fc00a2c39e90264f33305004495a9","hash":"1f99811a47487235a59751690f0743319eff7720"}
,"/Users/antoinecharette/Documents/projects/codefellows/code401/code401-data-structures-and-algorithms/merge-sort/merge-sort.js": {"path":"/Users/antoinecharette/Documents/projects/codefellows/code401/code401-data-structures-and-algorithms/merge-sort/merge-sort.js","statementMap":{"0":{"start":{"line":3,"column":14},"end":{"line":32,"column":1}},"1":{"start":{"line":4,"column":10},"end":{"line":4,"column":11}},"2":{"start":{"line":5,"column":10},"end":{"line":5,"column":11}},"3":{"start":{"line":6,"column":10},"end":{"line":6,"column":11}},"4":{"start":{"line":8,"column":2},"end":{"line":17,"column":3}},"5":{"start":{"line":9,"column":4},"end":{"line":15,"column":5}},"6":{"start":{"line":10,"column":6},"end":{"line":10,"column":23}},"7":{"start":{"line":11,"column":6},"end":{"line":11,"column":16}},"8":{"start":{"line":13,"column":6},"end":{"line":13,"column":24}},"9":{"start":{"line":14,"column":6},"end":{"line":14,"column":16}},"10":{"start":{"line":16,"column":4},"end":{"line":16,"column":14}},"11":{"start":{"line":19,"column":2},"end":{"line":31,"column":3}},"12":{"start":{"line":20,"column":4},"end":{"line":24,"column":5}},"13":{"start":{"line":21,"column":6},"end":{"line":21,"column":24}},"14":{"start":{"line":22,"column":6},"end":{"line":22,"column":16}},"15":{"start":{"line":23,"column":6},"end":{"line":23,"column":16}},"16":{"start":{"line":26,"column":4},"end":{"line":30,"column":5}},"17":{"start":{"line":27,"column":6},"end":{"line":27,"column":23}},"18":{"start":{"line":28,"column":6},"end":{"line":28,"column":16}},"19":{"start":{"line":29,"column":6},"end":{"line":29,"column":16}},"20":{"start":{"line":34,"column":18},"end":{"line":48,"column":1}},"21":{"start":{"line":35,"column":12},"end":{"line":35,"column":22}},"22":{"start":{"line":37,"column":2},"end":{"line":46,"column":3}},"23":{"start":{"line":38,"column":16},"end":{"line":38,"column":33}},"24":{"start":{"line":39,"column":17},"end":{"line":39,"column":34}},"25":{"start":{"line":40,"column":18},"end":{"line":40,"column":32}},"26":{"start":{"line":42,"column":4},"end":{"line":42,"column":20}},"27":{"start":{"line":43,"column":4},"end":{"line":43,"column":21}},"28":{"start":{"line":45,"column":4},"end":{"line":45,"column":28}},"29":{"start":{"line":47,"column":2},"end":{"line":47,"column":13}},"30":{"start":{"line":50,"column":0},"end":{"line":50,"column":27}}},"fnMap":{"0":{"name":"(anonymous_0)","decl":{"start":{"line":3,"column":14},"end":{"line":3,"column":15}},"loc":{"start":{"line":3,"column":36},"end":{"line":32,"column":1}},"line":3},"1":{"name":"(anonymous_1)","decl":{"start":{"line":34,"column":18},"end":{"line":34,"column":19}},"loc":{"start":{"line":34,"column":27},"end":{"line":48,"column":1}},"line":34}},"branchMap":{"0":{"loc":{"start":{"line":8,"column":9},"end":{"line":8,"column":44}},"type":"binary-expr","locations":[{"start":{"line":8,"column":9},"end":{"line":8,"column":24}},{"start":{"line":8,"column":28},"end":{"line":8,"column":44}}],"line":8},"1":{"loc":{"start":{"line":9,"column":4},"end":{"line":15,"column":5}},"type":"if","locations":[{"start":{"line":9,"column":4},"end":{"line":15,"column":5}},{"start":{"line":12,"column":11},"end":{"line":15,"column":5}}],"line":9},"2":{"loc":{"start":{"line":19,"column":2},"end":{"line":31,"column":3}},"type":"if","locations":[{"start":{"line":19,"column":2},"end":{"line":31,"column":3}},{"start":{"line":25,"column":9},"end":{"line":31,"column":3}}],"line":19},"3":{"loc":{"start":{"line":37,"column":2},"end":{"line":46,"column":3}},"type":"if","locations":[{"start":{"line":37,"column":2},"end":{"line":46,"column":3}},{"start":{},"end":{}}],"line":37}},"s":{"0":1,"1":20,"2":20,"3":20,"4":20,"5":38,"6":22,"7":22,"8":16,"9":16,"10":38,"11":20,"12":14,"13":20,"14":20,"15":20,"16":6,"17":6,"18":6,"19":6,"20":1,"21":45,"22":45,"23":20,"24":20,"25":20,"26":20,"27":20,"28":20,"29":45,"30":1},"f":{"0":20,"1":45},"b":{"0":[58,44],"1":[22,16],"2":[14,6],"3":[20,25]},"_coverageSchema":"1a1c01bbd47fc00a2c39e90264f33305004495a9","hash":"9feb51692af14751a80d092bb60c5cbd81343435"}
,"/Users/antoinecharette/Documents/projects/codefellows/code401/code401-data-structures-and-algorithms/quick-sort/quick-sort.js": {"path":"/Users/antoinecharette/Documents/projects/codefellows/code401/code401-data-structures-and-algorithms/quick-sort/quick-sort.js","statementMap":{"0":{"start":{"line":3,"column":18},"end":{"line":14,"column":1}},"1":{"start":{"line":4,"column":16},"end":{"line":4,"column":24}},"2":{"start":{"line":5,"column":19},"end":{"line":5,"column":24}},"3":{"start":{"line":6,"column":2},"end":{"line":11,"column":3}},"4":{"start":{"line":6,"column":15},"end":{"line":6,"column":20}},"5":{"start":{"line":7,"column":4},"end":{"line":10,"column":5}},"6":{"start":{"line":8,"column":6},"end":{"line":8,"column":60}},"7":{"start":{"line":9,"column":6},"end":{"line":9,"column":19}},"8":{"start":{"line":12,"column":2},"end":{"line":12,"column":60}},"9":{"start":{"line":13,"column":2},"end":{"line":13,"column":20}},"10":{"start":{"line":16,"column":18},"end":{"line":24,"column":1}},"11":{"start":{"line":17,"column":2},"end":{"line":19,"column":3}},"12":{"start":{"line":18,"column":4},"end":{"line":18,"column":11}},"13":{"start":{"line":20,"column":16},"end":{"line":20,"column":42}},"14":{"start":{"line":22,"column":2},"end":{"line":22,"column":35}},"15":{"start":{"line":23,"column":2},"end":{"line":23,"column":33}},"16":{"start":{"line":26,"column":0},"end":{"line":26,"column":27}}},"fnMap":{"0":{"name":"(anonymous_0)","decl":{"start":{"line":3,"column":18},"end":{"line":3,"column":19}},"loc":{"start":{"line":3,"column":39},"end":{"line":14,"column":1}},"line":3},"1":{"name":"(anonymous_1)","decl":{"start":{"line":16,"column":18},"end":{"line":16,"column":19}},"loc":{"start":{"line":16,"column":60},"end":{"line":24,"column":1}},"line":16}},"branchMap":{"0":{"loc":{"start":{"line":7,"column":4},"end":{"line":10,"column":5}},"type":"if","locations":[{"start":{"line":7,"column":4},"end":{"line":10,"column":5}},{"start":{},"end":{}}],"line":7},"1":{"loc":{"start":{"line":16,"column":24},"end":{"line":16,"column":33}},"type":"default-arg","locations":[{"start":{"line":16,"column":32},"end":{"line":16,"column":33}}],"line":16},"2":{"loc":{"start":{"line":16,"column":35},"end":{"line":16,"column":55}},"type":"default-arg","locations":[{"start":{"line":16,"column":41},"end":{"line":16,"column":55}}],"line":16},"3":{"loc":{"start":{"line":17,"column":2},"end":{"line":19,"column":3}},"type":"if","locations":[{"start":{"line":17,"column":2},"end":{"line":19,"column":3}},{"start":{},"end":{}}],"line":17}},"s":{"0":1,"1":15,"2":15,"3":15,"4":15,"5":43,"6":26,"7":26,"8":15,"9":15,"10":1,"11":34,"12":19,"13":15,"14":15,"15":15,"16":1},"f":{"0":15,"1":34},"b":{"0":[26,17],"1":[4],"2":[4],"3":[19,15]},"_coverageSchema":"1a1c01bbd47fc00a2c39e90264f33305004495a9","hash":"004f2397d13ab0c2ef20a0509c078ccbc4eca9db"}
,"/Users/antoinecharette/Documents/projects/codefellows/code401/code401-data-structures-and-algorithms/stack-and-queue/stack-and-queue.js": {"path":"/Users/antoinecharette/Documents/projects/codefellows/code401/code401-data-structures-and-algorithms/stack-and-queue/stack-and-queue.js","statementMap":{"0":{"start":{"line":5,"column":4},"end":{"line":5,"column":23}},"1":{"start":{"line":6,"column":4},"end":{"line":6,"column":21}},"2":{"start":{"line":12,"column":4},"end":{"line":12,"column":20}},"3":{"start":{"line":16,"column":19},"end":{"line":16,"column":34}},"4":{"start":{"line":17,"column":20},"end":{"line":17,"column":28}},"5":{"start":{"line":18,"column":4},"end":{"line":18,"column":22}},"6":{"start":{"line":19,"column":4},"end":{"line":19,"column":26}},"7":{"start":{"line":23,"column":4},"end":{"line":30,"column":5}},"8":{"start":{"line":24,"column":21},"end":{"line":24,"column":34}},"9":{"start":{"line":25,"column":28},"end":{"line":25,"column":42}},"10":{"start":{"line":26,"column":6},"end":{"line":26,"column":24}},"11":{"start":{"line":27,"column":6},"end":{"line":27,"column":27}},"12":{"start":{"line":29,"column":6},"end":{"line":29,"column":41}},"13":{"start":{"line":34,"column":4},"end":{"line":38,"column":5}},"14":{"start":{"line":35,"column":6},"end":{"line":35,"column":28}},"15":{"start":{"line":37,"column":6},"end":{"line":37,"column":41}},"16":{"start":{"line":42,"column":4},"end":{"line":46,"column":5}},"17":{"start":{"line":43,"column":6},"end":{"line":43,"column":19}},"18":{"start":{"line":45,"column":6},"end":{"line":45,"column":18}},"19":{"start":{"line":52,"column":4},"end":{"line":52,"column":22}},"20":{"start":{"line":53,"column":4},"end":{"line":53,"column":27}},"21":{"start":{"line":57,"column":4},"end":{"line":65,"column":5}},"22":{"start":{"line":58,"column":22},"end":{"line":58,"column":37}},"23":{"start":{"line":59,"column":6},"end":{"line":59,"column":31}},"24":{"start":{"line":60,"column":6},"end":{"line":60,"column":26}},"25":{"start":{"line":62,"column":22},"end":{"line":62,"column":37}},"26":{"start":{"line":63,"column":6},"end":{"line":63,"column":27}},"27":{"start":{"line":64,"column":6},"end":{"line":64,"column":26}},"28":{"start":{"line":69,"column":4},"end":{"line":76,"column":5}},"29":{"start":{"line":70,"column":23},"end":{"line":70,"column":38}},"30":{"start":{"line":71,"column":28},"end":{"line":71,"column":44}},"31":{"start":{"line":72,"column":6},"end":{"line":72,"column":28}},"32":{"start":{"line":73,"column":6},"end":{"line":73,"column":27}},"33":{"start":{"line":75,"column":6},"end":{"line":75,"column":41}},"34":{"start":{"line":80,"column":4},"end":{"line":84,"column":5}},"35":{"start":{"line":81,"column":6},"end":{"line":81,"column":30}},"36":{"start":{"line":83,"column":6},"end":{"line":83,"column":41}},"37":{"start":{"line":88,"column":4},"end":{"line":92,"column":5}},"38":{"start":{"line":89,"column":6},"end":{"line":89,"column":19}},"39":{"start":{"line":91,"column":6},"end":{"line":91,"column":18}},"40":{"start":{"line":96,"column":0},"end":{"line":100,"column":2}}},"fnMap":{"0":{"name":"(anonymous_0)","decl":{"start":{"line":4,"column":2},"end":{"line":4,"column":3}},"loc":{"start":{"line":4,"column":21},"end":{"line":7,"column":3}},"line":4},"1":{"name":"(anonymous_1)","decl":{"start":{"line":11,"column":2},"end":{"line":11,"column":3}},"loc":{"start":{"line":11,"column":16},"end":{"line":13,"column":3}},"line":11},"2":{"name":"(anonymous_2)","decl":{"start":{"line":15,"column":2},"end":{"line":15,"column":3}},"loc":{"start":{"line":15,"column":14},"end":{"line":20,"column":3}},"line":15},"3":{"name":"(anonymous_3)","decl":{"start":{"line":22,"column":2},"end":{"line":22,"column":3}},"loc":{"start":{"line":22,"column":8},"end":{"line":31,"column":3}},"line":22},"4":{"name":"(anonymous_4)","decl":{"start":{"line":33,"column":2},"end":{"line":33,"column":3}},"loc":{"start":{"line":33,"column":9},"end":{"line":39,"column":3}},"line":33},"5":{"name":"(anonymous_5)","decl":{"start":{"line":41,"column":2},"end":{"line":41,"column":3}},"loc":{"start":{"line":41,"column":12},"end":{"line":47,"column":3}},"line":41},"6":{"name":"(anonymous_6)","decl":{"start":{"line":51,"column":2},"end":{"line":51,"column":3}},"loc":{"start":{"line":51,"column":16},"end":{"line":54,"column":3}},"line":51},"7":{"name":"(anonymous_7)","decl":{"start":{"line":56,"column":2},"end":{"line":56,"column":3}},"loc":{"start":{"line":56,"column":17},"end":{"line":66,"column":3}},"line":56},"8":{"name":"(anonymous_8)","decl":{"start":{"line":68,"column":2},"end":{"line":68,"column":3}},"loc":{"start":{"line":68,"column":12},"end":{"line":77,"column":3}},"line":68},"9":{"name":"(anonymous_9)","decl":{"start":{"line":79,"column":2},"end":{"line":79,"column":3}},"loc":{"start":{"line":79,"column":9},"end":{"line":85,"column":3}},"line":79},"10":{"name":"(anonymous_10)","decl":{"start":{"line":87,"column":2},"end":{"line":87,"column":3}},"loc":{"start":{"line":87,"column":12},"end":{"line":93,"column":3}},"line":87}},"branchMap":{"0":{"loc":{"start":{"line":23,"column":4},"end":{"line":30,"column":5}},"type":"if","locations":[{"start":{"line":23,"column":4},"end":{"line":30,"column":5}},{"start":{"line":28,"column":11},"end":{"line":30,"column":5}}],"line":23},"1":{"loc":{"start":{"line":34,"column":4},"end":{"line":38,"column":5}},"type":"if","locations":[{"start":{"line":34,"column":4},"end":{"line":38,"column":5}},{"start":{"line":36,"column":11},"end":{"line":38,"column":5}}],"line":34},"2":{"loc":{"start":{"line":42,"column":4},"end":{"line":46,"column":5}},"type":"if","locations":[{"start":{"line":42,"column":4},"end":{"line":46,"column":5}},{"start":{"line":44,"column":11},"end":{"line":46,"column":5}}],"line":42},"3":{"loc":{"start":{"line":57,"column":4},"end":{"line":65,"column":5}},"type":"if","locations":[{"start":{"line":57,"column":4},"end":{"line":65,"column":5}},{"start":{"line":61,"column":11},"end":{"line":65,"column":5}}],"line":57},"4":{"loc":{"start":{"line":69,"column":4},"end":{"line":76,"column":5}},"type":"if","locations":[{"start":{"line":69,"column":4},"end":{"line":76,"column":5}},{"start":{"line":74,"column":11},"end":{"line":76,"column":5}}],"line":69},"5":{"loc":{"start":{"line":80,"column":4},"end":{"line":84,"column":5}},"type":"if","locations":[{"start":{"line":80,"column":4},"end":{"line":84,"column":5}},{"start":{"line":82,"column":11},"end":{"line":84,"column":5}}],"line":80},"6":{"loc":{"start":{"line":88,"column":4},"end":{"line":92,"column":5}},"type":"if","locations":[{"start":{"line":88,"column":4},"end":{"line":92,"column":5}},{"start":{"line":90,"column":11},"end":{"line":92,"column":5}}],"line":88}},"s":{"0":32,"1":32,"2":13,"3":30,"4":30,"5":30,"6":30,"7":23,"8":23,"9":23,"10":23,"11":23,"12":0,"13":1,"14":1,"15":0,"16":0,"17":0,"18":0,"19":3,"20":3,"21":2,"22":0,"23":0,"24":0,"25":2,"26":2,"27":2,"28":1,"29":1,"30":1,"31":1,"32":1,"33":0,"34":1,"35":1,"36":0,"37":0,"38":0,"39":0,"40":3},"f":{"0":32,"1":13,"2":30,"3":23,"4":1,"5":0,"6":3,"7":2,"8":1,"9":1,"10":0},"b":{"0":[23,0],"1":[1,0],"2":[0,0],"3":[0,2],"4":[1,0],"5":[1,0],"6":[0,0]},"_coverageSchema":"1a1c01bbd47fc00a2c39e90264f33305004495a9","hash":"bbda09a109c2d5fbdc9fa083c7cb88cf609429b9"}
,"/Users/antoinecharette/Documents/projects/codefellows/code401/code401-data-structures-and-algorithms/stack-queue-animal-shelter/stack-queue-animal-shelter.js": {"path":"/Users/antoinecharette/Documents/projects/codefellows/code401/code401-data-structures-and-algorithms/stack-queue-animal-shelter/stack-queue-animal-shelter.js","statementMap":{"0":{"start":{"line":3,"column":18},"end":{"line":3,"column":66}},"1":{"start":{"line":7,"column":4},"end":{"line":7,"column":9}},"2":{"start":{"line":13,"column":4},"end":{"line":13,"column":28}},"3":{"start":{"line":14,"column":4},"end":{"line":14,"column":28}},"4":{"start":{"line":18,"column":4},"end":{"line":24,"column":5}},"5":{"start":{"line":19,"column":6},"end":{"line":19,"column":32}},"6":{"start":{"line":20,"column":11},"end":{"line":24,"column":5}},"7":{"start":{"line":21,"column":6},"end":{"line":21,"column":32}},"8":{"start":{"line":23,"column":6},"end":{"line":23,"column":39}},"9":{"start":{"line":28,"column":4},"end":{"line":34,"column":5}},"10":{"start":{"line":29,"column":6},"end":{"line":29,"column":37}},"11":{"start":{"line":30,"column":11},"end":{"line":34,"column":5}},"12":{"start":{"line":31,"column":6},"end":{"line":31,"column":37}},"13":{"start":{"line":33,"column":6},"end":{"line":33,"column":18}},"14":{"start":{"line":38,"column":0},"end":{"line":41,"column":2}}},"fnMap":{"0":{"name":"(anonymous_0)","decl":{"start":{"line":6,"column":2},"end":{"line":6,"column":3}},"loc":{"start":{"line":6,"column":20},"end":{"line":8,"column":3}},"line":6},"1":{"name":"(anonymous_1)","decl":{"start":{"line":12,"column":2},"end":{"line":12,"column":3}},"loc":{"start":{"line":12,"column":16},"end":{"line":15,"column":3}},"line":12},"2":{"name":"(anonymous_2)","decl":{"start":{"line":17,"column":2},"end":{"line":17,"column":3}},"loc":{"start":{"line":17,"column":18},"end":{"line":25,"column":3}},"line":17},"3":{"name":"(anonymous_3)","decl":{"start":{"line":27,"column":2},"end":{"line":27,"column":3}},"loc":{"start":{"line":27,"column":16},"end":{"line":35,"column":3}},"line":27}},"branchMap":{"0":{"loc":{"start":{"line":18,"column":4},"end":{"line":24,"column":5}},"type":"if","locations":[{"start":{"line":18,"column":4},"end":{"line":24,"column":5}},{"start":{"line":20,"column":11},"end":{"line":24,"column":5}}],"line":18},"1":{"loc":{"start":{"line":20,"column":11},"end":{"line":24,"column":5}},"type":"if","locations":[{"start":{"line":20,"column":11},"end":{"line":24,"column":5}},{"start":{"line":22,"column":11},"end":{"line":24,"column":5}}],"line":20},"2":{"loc":{"start":{"line":28,"column":4},"end":{"line":34,"column":5}},"type":"if","locations":[{"start":{"line":28,"column":4},"end":{"line":34,"column":5}},{"start":{"line":30,"column":11},"end":{"line":34,"column":5}}],"line":28},"3":{"loc":{"start":{"line":30,"column":11},"end":{"line":34,"column":5}},"type":"if","locations":[{"start":{"line":30,"column":11},"end":{"line":34,"column":5}},{"start":{"line":32,"column":11},"end":{"line":34,"column":5}}],"line":30}},"s":{"0":1,"1":1,"2":1,"3":1,"4":1,"5":0,"6":1,"7":0,"8":1,"9":0,"10":0,"11":0,"12":0,"13":0,"14":1},"f":{"0":1,"1":1,"2":1,"3":0},"b":{"0":[0,1],"1":[0,1],"2":[0,0],"3":[0,0]},"_coverageSchema":"1a1c01bbd47fc00a2c39e90264f33305004495a9","hash":"07156bc707bf7d47634f3b4a138ec06c9dbd518a"}
,"/Users/antoinecharette/Documents/projects/codefellows/code401/code401-data-structures-and-algorithms/stack-queue-pseudo/stack-queue-pseudo.js": {"path":"/Users/antoinecharette/Documents/projects/codefellows/code401/code401-data-structures-and-algorithms/stack-queue-pseudo/stack-queue-pseudo.js","statementMap":{"0":{"start":{"line":3,"column":18},"end":{"line":3,"column":66}},"1":{"start":{"line":7,"column":4},"end":{"line":7,"column":22}},"2":{"start":{"line":8,"column":4},"end":{"line":8,"column":21}},"3":{"start":{"line":9,"column":4},"end":{"line":9,"column":26}},"4":{"start":{"line":10,"column":4},"end":{"line":10,"column":26}},"5":{"start":{"line":14,"column":4},"end":{"line":18,"column":5}},"6":{"start":{"line":15,"column":16},"end":{"line":15,"column":33}},"7":{"start":{"line":16,"column":6},"end":{"line":16,"column":20}},"8":{"start":{"line":17,"column":6},"end":{"line":17,"column":24}},"9":{"start":{"line":19,"column":4},"end":{"line":19,"column":24}},"10":{"start":{"line":20,"column":4},"end":{"line":20,"column":28}},"11":{"start":{"line":21,"column":4},"end":{"line":25,"column":5}},"12":{"start":{"line":22,"column":16},"end":{"line":22,"column":33}},"13":{"start":{"line":23,"column":6},"end":{"line":23,"column":20}},"14":{"start":{"line":24,"column":6},"end":{"line":24,"column":24}},"15":{"start":{"line":26,"column":4},"end":{"line":26,"column":29}},"16":{"start":{"line":30,"column":4},"end":{"line":34,"column":5}},"17":{"start":{"line":31,"column":6},"end":{"line":31,"column":33}},"18":{"start":{"line":32,"column":11},"end":{"line":34,"column":5}},"19":{"start":{"line":33,"column":6},"end":{"line":33,"column":23}},"20":{"start":{"line":35,"column":4},"end":{"line":35,"column":34}},"21":{"start":{"line":36,"column":4},"end":{"line":36,"column":25}},"22":{"start":{"line":40,"column":0},"end":{"line":40,"column":34}}},"fnMap":{"0":{"name":"(anonymous_0)","decl":{"start":{"line":6,"column":2},"end":{"line":6,"column":3}},"loc":{"start":{"line":6,"column":16},"end":{"line":11,"column":3}},"line":6},"1":{"name":"(anonymous_1)","decl":{"start":{"line":13,"column":2},"end":{"line":13,"column":3}},"loc":{"start":{"line":13,"column":17},"end":{"line":27,"column":3}},"line":13},"2":{"name":"(anonymous_2)","decl":{"start":{"line":29,"column":2},"end":{"line":29,"column":3}},"loc":{"start":{"line":29,"column":12},"end":{"line":37,"column":3}},"line":29}},"branchMap":{"0":{"loc":{"start":{"line":30,"column":4},"end":{"line":34,"column":5}},"type":"if","locations":[{"start":{"line":30,"column":4},"end":{"line":34,"column":5}},{"start":{"line":32,"column":11},"end":{"line":34,"column":5}}],"line":30},"1":{"loc":{"start":{"line":32,"column":11},"end":{"line":34,"column":5}},"type":"if","locations":[{"start":{"line":32,"column":11},"end":{"line":34,"column":5}},{"start":{},"end":{}}],"line":32}},"s":{"0":1,"1":6,"2":6,"3":6,"4":6,"5":10,"6":9,"7":9,"8":9,"9":10,"10":10,"11":10,"12":9,"13":9,"14":9,"15":10,"16":5,"17":1,"18":4,"19":1,"20":4,"21":4,"22":1},"f":{"0":6,"1":10,"2":5},"b":{"0":[1,4],"1":[1,3]},"_coverageSchema":"1a1c01bbd47fc00a2c39e90264f33305004495a9","hash":"1a21c19506f91b98a0b080be81b12f188dcf7633"}
,"/Users/antoinecharette/Documents/projects/codefellows/code401/code401-data-structures-and-algorithms/tree-breadth-first/tree-breadth-first.js": {"path":"/Users/antoinecharette/Documents/projects/codefellows/code401/code401-data-structures-and-algorithms/tree-breadth-first/tree-breadth-first.js","statementMap":{"0":{"start":{"line":5,"column":4},"end":{"line":5,"column":23}},"1":{"start":{"line":6,"column":4},"end":{"line":6,"column":21}},"2":{"start":{"line":7,"column":4},"end":{"line":7,"column":22}},"3":{"start":{"line":13,"column":4},"end":{"line":13,"column":21}},"4":{"start":{"line":17,"column":4},"end":{"line":34,"column":5}},"5":{"start":{"line":18,"column":20},"end":{"line":18,"column":22}},"6":{"start":{"line":19,"column":26},"end":{"line":19,"column":28}},"7":{"start":{"line":20,"column":6},"end":{"line":20,"column":28}},"8":{"start":{"line":21,"column":6},"end":{"line":30,"column":7}},"9":{"start":{"line":22,"column":21},"end":{"line":22,"column":34}},"10":{"start":{"line":23,"column":8},"end":{"line":23,"column":37}},"11":{"start":{"line":24,"column":8},"end":{"line":26,"column":9}},"12":{"start":{"line":25,"column":10},"end":{"line":25,"column":32}},"13":{"start":{"line":27,"column":8},"end":{"line":29,"column":9}},"14":{"start":{"line":28,"column":10},"end":{"line":28,"column":33}},"15":{"start":{"line":31,"column":6},"end":{"line":31,"column":25}},"16":{"start":{"line":33,"column":6},"end":{"line":33,"column":39}},"17":{"start":{"line":38,"column":4},"end":{"line":40,"column":5}},"18":{"start":{"line":39,"column":6},"end":{"line":39,"column":32}},"19":{"start":{"line":41,"column":4},"end":{"line":53,"column":5}},"20":{"start":{"line":42,"column":6},"end":{"line":46,"column":7}},"21":{"start":{"line":43,"column":8},"end":{"line":43,"column":39}},"22":{"start":{"line":45,"column":8},"end":{"line":45,"column":39}},"23":{"start":{"line":47,"column":11},"end":{"line":53,"column":5}},"24":{"start":{"line":48,"column":6},"end":{"line":52,"column":7}},"25":{"start":{"line":49,"column":8},"end":{"line":49,"column":40}},"26":{"start":{"line":51,"column":8},"end":{"line":51,"column":40}},"27":{"start":{"line":57,"column":22},"end":{"line":57,"column":27}},"28":{"start":{"line":58,"column":4},"end":{"line":58,"column":36}},"29":{"start":{"line":59,"column":4},"end":{"line":59,"column":23}},"30":{"start":{"line":63,"column":4},"end":{"line":65,"column":5}},"31":{"start":{"line":64,"column":6},"end":{"line":64,"column":25}},"32":{"start":{"line":66,"column":4},"end":{"line":68,"column":5}},"33":{"start":{"line":67,"column":6},"end":{"line":67,"column":41}},"34":{"start":{"line":69,"column":4},"end":{"line":71,"column":5}},"35":{"start":{"line":70,"column":6},"end":{"line":70,"column":42}},"36":{"start":{"line":75,"column":4},"end":{"line":75,"column":31}},"37":{"start":{"line":77,"column":4},"end":{"line":79,"column":5}},"38":{"start":{"line":78,"column":6},"end":{"line":78,"column":34}},"39":{"start":{"line":80,"column":4},"end":{"line":82,"column":5}},"40":{"start":{"line":81,"column":6},"end":{"line":81,"column":35}},"41":{"start":{"line":86,"column":4},"end":{"line":88,"column":5}},"42":{"start":{"line":87,"column":6},"end":{"line":87,"column":33}},"43":{"start":{"line":90,"column":4},"end":{"line":90,"column":31}},"44":{"start":{"line":92,"column":4},"end":{"line":94,"column":5}},"45":{"start":{"line":93,"column":6},"end":{"line":93,"column":34}},"46":{"start":{"line":98,"column":4},"end":{"line":100,"column":5}},"47":{"start":{"line":99,"column":6},"end":{"line":99,"column":35}},"48":{"start":{"line":102,"column":4},"end":{"line":104,"column":5}},"49":{"start":{"line":103,"column":6},"end":{"line":103,"column":36}},"50":{"start":{"line":106,"column":4},"end":{"line":106,"column":31}},"51":{"start":{"line":110,"column":0},"end":{"line":113,"column":2}}},"fnMap":{"0":{"name":"(anonymous_0)","decl":{"start":{"line":4,"column":2},"end":{"line":4,"column":3}},"loc":{"start":{"line":4,"column":21},"end":{"line":8,"column":3}},"line":4},"1":{"name":"(anonymous_1)","decl":{"start":{"line":12,"column":2},"end":{"line":12,"column":3}},"loc":{"start":{"line":12,"column":16},"end":{"line":14,"column":3}},"line":12},"2":{"name":"(anonymous_2)","decl":{"start":{"line":16,"column":2},"end":{"line":16,"column":3}},"loc":{"start":{"line":16,"column":17},"end":{"line":35,"column":3}},"line":16},"3":{"name":"(anonymous_3)","decl":{"start":{"line":37,"column":2},"end":{"line":37,"column":3}},"loc":{"start":{"line":37,"column":23},"end":{"line":54,"column":3}},"line":37},"4":{"name":"(anonymous_4)","decl":{"start":{"line":56,"column":2},"end":{"line":56,"column":3}},"loc":{"start":{"line":56,"column":18},"end":{"line":60,"column":3}},"line":56},"5":{"name":"(anonymous_5)","decl":{"start":{"line":62,"column":2},"end":{"line":62,"column":3}},"loc":{"start":{"line":62,"column":27},"end":{"line":72,"column":3}},"line":62},"6":{"name":"(anonymous_6)","decl":{"start":{"line":74,"column":2},"end":{"line":74,"column":3}},"loc":{"start":{"line":74,"column":20},"end":{"line":83,"column":3}},"line":74},"7":{"name":"(anonymous_7)","decl":{"start":{"line":85,"column":2},"end":{"line":85,"column":3}},"loc":{"start":{"line":85,"column":19},"end":{"line":95,"column":3}},"line":85},"8":{"name":"(anonymous_8)","decl":{"start":{"line":97,"column":2},"end":{"line":97,"column":3}},"loc":{"start":{"line":97,"column":21},"end":{"line":107,"column":3}},"line":97}},"branchMap":{"0":{"loc":{"start":{"line":17,"column":4},"end":{"line":34,"column":5}},"type":"if","locations":[{"start":{"line":17,"column":4},"end":{"line":34,"column":5}},{"start":{"line":32,"column":11},"end":{"line":34,"column":5}}],"line":17},"1":{"loc":{"start":{"line":24,"column":8},"end":{"line":26,"column":9}},"type":"if","locations":[{"start":{"line":24,"column":8},"end":{"line":26,"column":9}},{"start":{},"end":{}}],"line":24},"2":{"loc":{"start":{"line":27,"column":8},"end":{"line":29,"column":9}},"type":"if","locations":[{"start":{"line":27,"column":8},"end":{"line":29,"column":9}},{"start":{},"end":{}}],"line":27},"3":{"loc":{"start":{"line":38,"column":4},"end":{"line":40,"column":5}},"type":"if","locations":[{"start":{"line":38,"column":4},"end":{"line":40,"column":5}},{"start":{},"end":{}}],"line":38},"4":{"loc":{"start":{"line":41,"column":4},"end":{"line":53,"column":5}},"type":"if","locations":[{"start":{"line":41,"column":4},"end":{"line":53,"column":5}},{"start":{"line":47,"column":11},"end":{"line":53,"column":5}}],"line":41},"5":{"loc":{"start":{"line":42,"column":6},"end":{"line":46,"column":7}},"type":"if","locations":[{"start":{"line":42,"column":6},"end":{"line":46,"column":7}},{"start":{"line":44,"column":13},"end":{"line":46,"column":7}}],"line":42},"6":{"loc":{"start":{"line":47,"column":11},"end":{"line":53,"column":5}},"type":"if","locations":[{"start":{"line":47,"column":11},"end":{"line":53,"column":5}},{"start":{},"end":{}}],"line":47},"7":{"loc":{"start":{"line":48,"column":6},"end":{"line":52,"column":7}},"type":"if","locations":[{"start":{"line":48,"column":6},"end":{"line":52,"column":7}},{"start":{"line":50,"column":13},"end":{"line":52,"column":7}}],"line":48},"8":{"loc":{"start":{"line":63,"column":4},"end":{"line":65,"column":5}},"type":"if","locations":[{"start":{"line":63,"column":4},"end":{"line":65,"column":5}},{"start":{},"end":{}}],"line":63},"9":{"loc":{"start":{"line":66,"column":4},"end":{"line":68,"column":5}},"type":"if","locations":[{"start":{"line":66,"column":4},"end":{"line":68,"column":5}},{"start":{},"end":{}}],"line":66},"10":{"loc":{"start":{"line":69,"column":4},"end":{"line":71,"column":5}},"type":"if","locations":[{"start":{"line":69,"column":4},"end":{"line":71,"column":5}},{"start":{},"end":{}}],"line":69},"11":{"loc":{"start":{"line":77,"column":4},"end":{"line":79,"column":5}},"type":"if","locations":[{"start":{"line":77,"column":4},"end":{"line":79,"column":5}},{"start":{},"end":{}}],"line":77},"12":{"loc":{"start":{"line":80,"column":4},"end":{"line":82,"column":5}},"type":"if","locations":[{"start":{"line":80,"column":4},"end":{"line":82,"column":5}},{"start":{},"end":{}}],"line":80},"13":{"loc":{"start":{"line":86,"column":4},"end":{"line":88,"column":5}},"type":"if","locations":[{"start":{"line":86,"column":4},"end":{"line":88,"column":5}},{"start":{},"end":{}}],"line":86},"14":{"loc":{"start":{"line":92,"column":4},"end":{"line":94,"column":5}},"type":"if","locations":[{"start":{"line":92,"column":4},"end":{"line":94,"column":5}},{"start":{},"end":{}}],"line":92},"15":{"loc":{"start":{"line":98,"column":4},"end":{"line":100,"column":5}},"type":"if","locations":[{"start":{"line":98,"column":4},"end":{"line":100,"column":5}},{"start":{},"end":{}}],"line":98},"16":{"loc":{"start":{"line":102,"column":4},"end":{"line":104,"column":5}},"type":"if","locations":[{"start":{"line":102,"column":4},"end":{"line":104,"column":5}},{"start":{},"end":{}}],"line":102}},"s":{"0":9,"1":9,"2":9,"3":1,"4":1,"5":1,"6":1,"7":1,"8":1,"9":9,"10":9,"11":9,"12":4,"13":9,"14":4,"15":1,"16":0,"17":0,"18":0,"19":0,"20":0,"21":0,"22":0,"23":0,"24":0,"25":0,"26":0,"27":0,"28":0,"29":0,"30":0,"31":0,"32":0,"33":0,"34":0,"35":0,"36":0,"37":0,"38":0,"39":0,"40":0,"41":0,"42":0,"43":0,"44":0,"45":0,"46":0,"47":0,"48":0,"49":0,"50":0,"51":1},"f":{"0":9,"1":1,"2":1,"3":0,"4":0,"5":0,"6":0,"7":0,"8":0},"b":{"0":[1,0],"1":[4,5],"2":[4,5],"3":[0,0],"4":[0,0],"5":[0,0],"6":[0,0],"7":[0,0],"8":[0,0],"9":[0,0],"10":[0,0],"11":[0,0],"12":[0,0],"13":[0,0],"14":[0,0],"15":[0,0],"16":[0,0]},"_coverageSchema":"1a1c01bbd47fc00a2c39e90264f33305004495a9","hash":"da61bdb399164bfa9180807e3192eb03f7f450b5"}
,"/Users/antoinecharette/Documents/projects/codefellows/code401/code401-data-structures-and-algorithms/tree-fizz-buzz/tree-fizz-buzz.js": {"path":"/Users/antoinecharette/Documents/projects/codefellows/code401/code401-data-structures-and-algorithms/tree-fizz-buzz/tree-fizz-buzz.js","statementMap":{"0":{"start":{"line":5,"column":4},"end":{"line":5,"column":23}},"1":{"start":{"line":6,"column":4},"end":{"line":6,"column":23}},"2":{"start":{"line":12,"column":4},"end":{"line":12,"column":21}},"3":{"start":{"line":16,"column":4},"end":{"line":30,"column":5}},"4":{"start":{"line":17,"column":20},"end":{"line":17,"column":22}},"5":{"start":{"line":18,"column":6},"end":{"line":18,"column":28}},"6":{"start":{"line":20,"column":6},"end":{"line":27,"column":7}},"7":{"start":{"line":21,"column":23},"end":{"line":21,"column":36}},"8":{"start":{"line":22,"column":8},"end":{"line":22,"column":56}},"9":{"start":{"line":24,"column":8},"end":{"line":26,"column":9}},"10":{"start":{"line":25,"column":10},"end":{"line":25,"column":28}},"11":{"start":{"line":29,"column":6},"end":{"line":29,"column":23}},"12":{"start":{"line":34,"column":4},"end":{"line":40,"column":5}},"13":{"start":{"line":35,"column":6},"end":{"line":35,"column":24}},"14":{"start":{"line":36,"column":11},"end":{"line":40,"column":5}},"15":{"start":{"line":37,"column":6},"end":{"line":37,"column":20}},"16":{"start":{"line":38,"column":11},"end":{"line":40,"column":5}},"17":{"start":{"line":39,"column":6},"end":{"line":39,"column":20}},"18":{"start":{"line":41,"column":4},"end":{"line":41,"column":28}},"19":{"start":{"line":44,"column":0},"end":{"line":47,"column":2}}},"fnMap":{"0":{"name":"(anonymous_0)","decl":{"start":{"line":4,"column":2},"end":{"line":4,"column":3}},"loc":{"start":{"line":4,"column":21},"end":{"line":7,"column":3}},"line":4},"1":{"name":"(anonymous_1)","decl":{"start":{"line":11,"column":2},"end":{"line":11,"column":3}},"loc":{"start":{"line":11,"column":16},"end":{"line":13,"column":3}},"line":11},"2":{"name":"(anonymous_2)","decl":{"start":{"line":15,"column":2},"end":{"line":15,"column":3}},"loc":{"start":{"line":15,"column":13},"end":{"line":31,"column":3}},"line":15},"3":{"name":"(anonymous_3)","decl":{"start":{"line":33,"column":2},"end":{"line":33,"column":3}},"loc":{"start":{"line":33,"column":23},"end":{"line":42,"column":3}},"line":33}},"branchMap":{"0":{"loc":{"start":{"line":16,"column":4},"end":{"line":30,"column":5}},"type":"if","locations":[{"start":{"line":16,"column":4},"end":{"line":30,"column":5}},{"start":{"line":28,"column":11},"end":{"line":30,"column":5}}],"line":16},"1":{"loc":{"start":{"line":34,"column":4},"end":{"line":40,"column":5}},"type":"if","locations":[{"start":{"line":34,"column":4},"end":{"line":40,"column":5}},{"start":{"line":36,"column":11},"end":{"line":40,"column":5}}],"line":34},"2":{"loc":{"start":{"line":36,"column":11},"end":{"line":40,"column":5}},"type":"if","locations":[{"start":{"line":36,"column":11},"end":{"line":40,"column":5}},{"start":{"line":38,"column":11},"end":{"line":40,"column":5}}],"line":36},"3":{"loc":{"start":{"line":38,"column":11},"end":{"line":40,"column":5}},"type":"if","locations":[{"start":{"line":38,"column":11},"end":{"line":40,"column":5}},{"start":{},"end":{}}],"line":38}},"s":{"0":45,"1":45,"2":5,"3":5,"4":4,"5":4,"6":4,"7":8,"8":8,"9":4,"10":12,"11":1,"12":8,"13":0,"14":8,"15":0,"16":8,"17":4,"18":4,"19":1},"f":{"0":45,"1":5,"2":5,"3":8},"b":{"0":[4,1],"1":[0,8],"2":[0,8],"3":[4,4]},"_coverageSchema":"1a1c01bbd47fc00a2c39e90264f33305004495a9","hash":"a32f114e017614695f5f7df7794fc39bd6224abe"}
,"/Users/antoinecharette/Documents/projects/codefellows/code401/code401-data-structures-and-algorithms/tree-intersection/tree-intersection.js": {"path":"/Users/antoinecharette/Documents/projects/codefellows/code401/code401-data-structures-and-algorithms/tree-intersection/tree-intersection.js","statementMap":{"0":{"start":{"line":3,"column":23},"end":{"line":3,"column":85}},"1":{"start":{"line":7,"column":4},"end":{"line":7,"column":21}},"2":{"start":{"line":8,"column":4},"end":{"line":8,"column":31}},"3":{"start":{"line":12,"column":14},"end":{"line":12,"column":15}},"4":{"start":{"line":14,"column":4},"end":{"line":16,"column":5}},"5":{"start":{"line":14,"column":17},"end":{"line":14,"column":18}},"6":{"start":{"line":15,"column":6},"end":{"line":15,"column":31}},"7":{"start":{"line":17,"column":4},"end":{"line":17,"column":35}},"8":{"start":{"line":21,"column":18},"end":{"line":21,"column":45}},"9":{"start":{"line":22,"column":19},"end":{"line":22,"column":34}},"10":{"start":{"line":23,"column":20},"end":{"line":25,"column":5}},"11":{"start":{"line":27,"column":4},"end":{"line":33,"column":5}},"12":{"start":{"line":28,"column":6},"end":{"line":28,"column":29}},"13":{"start":{"line":30,"column":19},"end":{"line":30,"column":35}},"14":{"start":{"line":31,"column":6},"end":{"line":31,"column":27}},"15":{"start":{"line":32,"column":6},"end":{"line":32,"column":29}},"16":{"start":{"line":37,"column":18},"end":{"line":37,"column":32}},"17":{"start":{"line":38,"column":19},"end":{"line":38,"column":34}},"18":{"start":{"line":40,"column":4},"end":{"line":44,"column":5}},"19":{"start":{"line":41,"column":6},"end":{"line":41,"column":18}},"20":{"start":{"line":43,"column":6},"end":{"line":43,"column":19}},"21":{"start":{"line":48,"column":17},"end":{"line":56,"column":1}},"22":{"start":{"line":49,"column":2},"end":{"line":49,"column":31}},"23":{"start":{"line":50,"column":2},"end":{"line":52,"column":3}},"24":{"start":{"line":51,"column":4},"end":{"line":51,"column":39}},"25":{"start":{"line":53,"column":2},"end":{"line":55,"column":3}},"26":{"start":{"line":54,"column":4},"end":{"line":54,"column":38}},"27":{"start":{"line":58,"column":20},"end":{"line":68,"column":1}},"28":{"start":{"line":59,"column":2},"end":{"line":61,"column":3}},"29":{"start":{"line":60,"column":4},"end":{"line":60,"column":32}},"30":{"start":{"line":62,"column":2},"end":{"line":64,"column":3}},"31":{"start":{"line":63,"column":4},"end":{"line":63,"column":51}},"32":{"start":{"line":65,"column":2},"end":{"line":67,"column":3}},"33":{"start":{"line":66,"column":4},"end":{"line":66,"column":50}},"34":{"start":{"line":70,"column":25},"end":{"line":76,"column":1}},"35":{"start":{"line":71,"column":18},"end":{"line":71,"column":20}},"36":{"start":{"line":72,"column":20},"end":{"line":72,"column":38}},"37":{"start":{"line":73,"column":2},"end":{"line":73,"column":27}},"38":{"start":{"line":74,"column":2},"end":{"line":74,"column":39}},"39":{"start":{"line":75,"column":2},"end":{"line":75,"column":17}},"40":{"start":{"line":78,"column":0},"end":{"line":78,"column":34}}},"fnMap":{"0":{"name":"(anonymous_0)"
[...]
,"/Users/antoinecharette/Documents/projects/codefellows/code401/code401-data-structures-and-algorithms/tree-max/tree-max.js": {"path":"/Users/antoinecharette/Documents/projects/codefellows/code401/code401-data-structures-and-algorithms/tree-max/tree-max.js","statementMap":{"0":{"start":{"line":5,"column":4},"end":{"line":5,"column":23}},"1":{"start":{"line":6,"column":4},"end":{"line":6,"column":21}},"2":{"start":{"line":7,"column":4},"end":{"line":7,"column":22}},"3":{"start":{"line":13,"column":4},"end":{"line":13,"column":21}},"4":{"start":{"line":17,"column":4},"end":{"line":37,"column":5}},"5":{"start":{"line":19,"column":6},"end":{"line":21,"column":7}},"6":{"start":{"line":20,"column":8},"end":{"line":20,"column":32}},"7":{"start":{"line":22,"column":6},"end":{"line":27,"column":7}},"8":{"start":{"line":23,"column":8},"end":{"line":23,"column":51}},"9":{"start":{"line":24,"column":8},"end":{"line":26,"column":9}},"10":{"start":{"line":25,"column":10},"end":{"line":25,"column":25}},"11":{"start":{"line":28,"column":6},"end":{"line":33,"column":7}},"12":{"start":{"line":29,"column":8},"end":{"line":29,"column":53}},"13":{"start":{"line":30,"column":8},"end":{"line":32,"column":9}},"14":{"start":{"line":31,"column":10},"end":{"line":31,"column":26}},"15":{"start":{"line":34,"column":6},"end":{"line":34,"column":21}},"16":{"start":{"line":36,"column":6},"end":{"line":36,"column":33}},"17":{"start":{"line":41,"column":4},"end":{"line":43,"column":5}},"18":{"start":{"line":42,"column":6},"end":{"line":42,"column":32}},"19":{"start":{"line":44,"column":4},"end":{"line":56,"column":5}},"20":{"start":{"line":45,"column":6},"end":{"line":49,"column":7}},"21":{"start":{"line":46,"column":8},"end":{"line":46,"column":39}},"22":{"start":{"line":48,"column":8},"end":{"line":48,"column":39}},"23":{"start":{"line":50,"column":11},"end":{"line":56,"column":5}},"24":{"start":{"line":51,"column":6},"end":{"line":55,"column":7}},"25":{"start":{"line":52,"column":8},"end":{"line":52,"column":40}},"26":{"start":{"line":54,"column":8},"end":{"line":54,"column":40}},"27":{"start":{"line":60,"column":22},"end":{"line":60,"column":27}},"28":{"start":{"line":61,"column":4},"end":{"line":61,"column":36}},"29":{"start":{"line":62,"column":4},"end":{"line":62,"column":23}},"30":{"start":{"line":66,"column":4},"end":{"line":68,"column":5}},"31":{"start":{"line":67,"column":6},"end":{"line":67,"column":25}},"32":{"start":{"line":69,"column":4},"end":{"line":71,"column":5}},"33":{"start":{"line":70,"column":6},"end":{"line":70,"column":41}},"34":{"start":{"line":72,"column":4},"end":{"line":74,"column":5}},"35":{"start":{"line":73,"column":6},"end":{"line":73,"column":42}},"36":{"start":{"line":78,"column":4},"end":{"line":78,"column":31}},"37":{"start":{"line":80,"column":4},"end":{"line":82,"column":5}},"38":{"start":{"line":81,"column":6},"end":{"line":81,"column":34}},"39":{"start":{"line":83,"column":4},"end":{"line":85,"column":5}},"40":{"start":{"line":84,"column":6},"end":{"line":84,"column":35}},"41":{"start":{"line":89,"column":4},"end":{"line":91,"column":5}},"42":{"start":{"line":90,"column":6},"end":{"line":90,"column":33}},"43":{"start":{"line":93,"column":4},"end":{"line":93,"column":31}},"44":{"start":{"line":95,"column":4},"end":{"line":97,"column":5}},"45":{"start":{"line":96,"column":6},"end":{"line":96,"column":34}},"46":{"start":{"line":101,"column":4},"end":{"line":103,"column":5}},"47":{"start":{"line":102,"column":6},"end":{"line":102,"column":34}},"48":{"start":{"line":105,"column":4},"end":{"line":107,"column":5}},"49":{"start":{"line":106,"column":6},"end":{"line":106,"column":35}},"50":{"start":{"line":109,"column":4},"end":{"line":111,"column":5}},"51":{"start":{"line":110,"column":6},"end":{"line":110,"column":36}},"52":{"start":{"line":113,"column":4},"end":{"line":113,"column":31}},"53":{"start":{"line":117,"column":0},"end":{"line":120,"column":2}}},"fnMap":{"0":{"name":"(anonymous_0)","decl":{"start":{"line":4,"column":2},"end":{"line":4,"column":3}},"loc":{"start":{"line":4,"column":21},"end":{"line":8,"column":3}},"line":4},"1":{"name":"(anonymous_1)","decl":{"start":{"line":12,"column":2},"end":{"line":12,"column":3}},"loc":{"start":{"line":12,"column":16},"end":{"line":14,"column":3}},"line":12},"2":{"name":"(anonymous_2)","decl":{"start":{"line":16,"column":2},"end":{"line":16,"column":3}},"loc":{"start":{"line":16,"column":44},"end":{"line":38,"column":3}},"line":16},"3":{"name":"(anonymous_3)","decl":{"start":{"line":40,"column":2},"end":{"line":40,"column":3}},"loc":{"start":{"line":40,"column":23},"end":{"line":57,"column":3}},"line":40},"4":{"name":"(anonymous_4)","decl":{"start":{"line":59,"column":2},"end":{"line":59,"column":3}},"loc":{"start":{"line":59,"column":18},"end":{"line":63,"column":3}},"line":59},"5":{"name":"(anonymous_5)","decl":{"start":{"line":65,"column":2},"end":{"line":65,"column":3}},"loc":{"start":{"line":65,"column":27},"end":{"line":75,"column":3}},"line":65},"6":{"name":"(anonymous_6)","decl":{"start":{"line":77,"column":2},"end":{"line":77,"column":3}},"loc":{"start":{"line":77,"column":20},"end":{"line":86,"column":3}},"line":77},"7":{"name":"(anonymous_7)","decl":{"start":{"line":88,"column":2},"end":{"line":88,"column":3}},"loc":{"start":{"line":88,"column":19},"end":{"line":98,"column":3}},"line":88},"8":{"name":"(anonymous_8)","decl":{"start":{"line":100,"column":2},"end":{"line":100,"column":3}},"loc":{"start":{"line":100,"column":21},"end":{"line":114,"column":3}},"line":100}},"branchMap":{"0":{"loc":{"start":{"line":16,"column":10},"end":{"line":16,"column":29}},"type":"default-arg","locations":[{"start":{"line":16,"column":20},"end":{"line":16,"column":29}}],"line":16},"1":{"loc":{"start":{"line":16,"column":31},"end":{"line":16,"column":42}},"type":"default-arg","locations":[{"start":{"line":16,"column":41},"end":{"line":16,"column":42}}],"line":16},"2":{"loc":{"start":{"line":17,"column":4},"end":{"line":37,"column":5}},"type":"if","locations":[{"start":{"line":17,"column":4},"end":{"line":37,"column":5}},{"start":{"line":35,"column":11},"end":{"line":37,"column":5}}],"line":17},"3":{"loc":{"start":{"line":19,"column":6},"end":{"line":21,"column":7}},"type":"if","locations":[{"start":{"line":19,"column":6},"end":{"line":21,"column":7}},{"start":{},"end":{}}],"line":19},"4":{"loc":{"start":{"line":22,"column":6},"end":{"line":27,"column":7}},"type":"if","locations":[{"start":{"line":22,"column":6},"end":{"line":27,"column":7}},{"start":{},"end":{}}],"line":22},"5":{"loc":{"start":{"line":24,"column":8},"end":{"line":26,"column":9}},"type":"if","locations":[{"start":{"line":24,"column":8},"end":{"line":26,"column":9}},{"start":{},"end":{}}],"line":24},"6":{"loc":{"start":{"line":28,"column":6},"end":{"line":33,"column":7}},"type":"if","locations":[{"start":{"line":28,"column":6},"end":{"line":33,"column":7}},{"start":{},"end":{}}],"line":28},"7":{"loc":{"start":{"line":30,"column":8},"end":{"line":32,"column":9}},"type":"if","locations":[{"start":{"line":30,"column":8},"end":{"line":32,"column":9}},{"start":{},"end":{}}],"line":30},"8":{"loc":{"start":{"line":41,"column":4},"end":{"line":43,"column":5}},"type":"if","locations":[{"start":{"line":41,"column":4},"end":{"line":43,"column":5}},{"start":{},"end":{}}],"line":41},"9":{"loc":{"start":{"line":44,"column":4},"end":{"line":56,"column":5}},"type":"if","locations":[{"start":{"line":44,"column":4},"end":{"line":56,"column":5}},{"start":{"line":50,"column":11},"end":{"line":56,"column":5}}],"line":44},"10":{"loc":{"start":{"line":45,"column":6},"end":{"line":49,"column":7}},"type":"if","locations":[{"start":{"line":45,"column":6},"end":{"line":49,"column":7}},{"start":{"line":47,"column":13},"end":{"line":49,"column":7}}],"line":45},"11":{"loc":{"start":{"line":50,"column":11},"end":{"line":56,"column":5}},"type":"if","locations":[{"start":{"line":50,"column":11},"end":{"line":56,"column":5}},{"start":{},"end":{}}],"line":50},"12":{"loc":{"start":{"line":51,"column":6},"end":{"line":55,"column":7}},"type":"if","locations":[{"start":{"line":51,"column":6},"end":{"line":55,"column":7}},{"start":{"line":53,"column":13},"end":{"line":55,"column":7}}],"line":51},"13":{"loc":{"start":{"line":66,"column":4},"end":{"line":68,"column":5}},"type":"if","locations":[{"start":{"line":66,"column":4},"end":{"line":68,"column":5}},{"start":{},"end":{}}],"line":66},"14":{"loc":{"start":{"line":69,"column":4},"end":{"line":71,"column":5}},"type":"if","locations":[{"start":{"line":69,"column":4},"end":{"line":71,"column":5}},{"start":{},"end":{}}],"line":69},"15":{"loc":{"start":{"line":72,"column":4},"end":{"line":74,"column":5}},"type":"if","locations":[{"start":{"line":72,"column":4},"end":{"line":74,"column":5}},{"start":{},"end":{}}],"line":72},"16":{"loc":{"start":{"line":80,"column":4},"end":{"line":82,"column":5}},"type":"if","locations":[{"start":{"line":80,"column":4},"end":{"line":82,"column":5}},{"start":{},"end":{}}],"line":80},"17":{"loc":{"start":{"line":83,"column":4},"end":{"line":85,"column":5}},"type":"if","locations":[{"start":{"line":83,"column":4},"end":{"line":85,"column":5}},{"start":{},"end":{}}],"line":83},"18":{"loc":{"start":{"line":89,"column":4},"end":{"line":91,"column":5}},"type":"if","locations":[{"start":{"line":89,"column":4},"end":{"line":91,"column":5}},{"start":{},"end":{}}],"line":89},"19":{"loc":{"start":{"line":95,"column":4},"end":{"line":97,"column":5}},"type":"if","locations":[{"start":{"line":95,"column":4},"end":{"line":97,"column":5}},{"start":{},"end":{}}],"line":95},"20":{"loc":{"start":{"line":101,"column":4},"end":{"line":103,"column":5}},"type":"if","locations":[{"start":{"line":101,"column":4},"end":{"line":103,"column":5}},{"start":{},"end":{}}],"line":101},"21":{"loc":{"start":{"line":105,"column":4},"end":{"line":107,"column":5}},"type":"if","locations":[{"start":{"line":105,"column":4},"end":{"line":107,"column":5}},{"start":{},"end":{}}],"line":105},"22":{"loc":{"start":{"line":109,"column":4},"end":{"line":111,"column":5}},"type":"if","locations":[{"start":{"line":109,"column":4},"end":{"line":111,"column":5}},{"start":{},"end":{}}],"line":109}},"s":{"0":7,"1":7,"2":7,"3":1,"4":7,"5":7,"6":4,"7":7,"8":3,"9":3,"10":2,"11":7,"12":3,"13":3,"14":1,"15":7,"16":0,"17":0,"18":0,"19":0,"20":0,"21":0,"22":0,"23":0,"24":0,"25":0,"26":0,"27":0,"28":0,"29":0,"30":0,"31":0,"32":0,"33":0,"34":0,"35":0,"36":0,"37":0,"38":0,"39":0,"40":0,"41":0,"42":0,"43":0,"44":0,"45":0,"46":0,"47":0,"48":0,"49":0,"50":0,"51":0,"52":0,"53":1},"f":{"0":7,"1":1,"2":7,"3":0,"4":0,"5":0,"6":0,"7":0,"8":0},"b":{"0":[1],"1":[1],"2":[7,0],"3":[4,3],"4":[3,4],"5":[2,1],"6":[3,4],"7":[1,2],"8":[0,0],"9":[0,0],"10":[0,0],"11":[0,0],"12":[0,0],"13":[0,0],"14":[0,0],"15":[0,0],"16":[0,0],"17":[0,0],"18":[0,0],"19":[0,0],"20":[0,0],"21":[0,0],"22":[0,0]},"_coverageSchema":"1a1c01bbd47fc00a2c39e90264f33305004495a9","hash":"a9963662056fe9fe97672c32274e1a8c7bf53d04"}
,"/Users/antoinecharette/Documents/projects/codefellows/code401/code401-data-structures-and-algorithms/trees/trees.js": {"path":"/Users/antoinecharette/Documents/projects/codefellows/code401/code401-data-structures-and-algorithms/trees/trees.js","statementMap":{"0":{"start":{"line":5,"column":4},"end":{"line":5,"column":23}},"1":{"start":{"line":6,"column":4},"end":{"line":6,"column":21}},"2":{"start":{"line":7,"column":4},"end":{"line":7,"column":22}},"3":{"start":{"line":13,"column":4},"end":{"line":13,"column":21}},"4":{"start":{"line":17,"column":4},"end":{"line":19,"column":5}},"5":{"start":{"line":18,"column":6},"end":{"line":18,"column":32}},"6":{"start":{"line":20,"column":4},"end":{"line":32,"column":5}},"7":{"start":{"line":21,"column":6},"end":{"line":25,"column":7}},"8":{"start":{"line":22,"column":8},"end":{"line":22,"column":39}},"9":{"start":{"line":24,"column":8},"end":{"line":24,"column":39}},"10":{"start":{"line":26,"column":11},"end":{"line":32,"column":5}},"11":{"start":{"line":27,"column":6},"end":{"line":31,"column":7}},"12":{"start":{"line":28,"column":8},"end":{"line":28,"column":40}},"13":{"start":{"line":30,"column":8},"end":{"line":30,"column":40}},"14":{"start":{"line":36,"column":22},"end":{"line":36,"column":27}},"15":{"start":{"line":37,"column":4},"end":{"line":37,"column":36}},"16":{"start":{"line":38,"column":4},"end":{"line":38,"column":23}},"17":{"start":{"line":42,"column":4},"end":{"line":44,"column":5}},"18":{"start":{"line":43,"column":6},"end":{"line":43,"column":25}},"19":{"start":{"line":45,"column":4},"end":{"line":47,"column":5}},"20":{"start":{"line":46,"column":6},"end":{"line":46,"column":41}},"21":{"start":{"line":48,"column":4},"end":{"line":50,"column":5}},"22":{"start":{"line":49,"column":6},"end":{"line":49,"column":42}},"23":{"start":{"line":54,"column":4},"end":{"line":54,"column":31}},"24":{"start":{"line":56,"column":4},"end":{"line":58,"column":5}},"25":{"start":{"line":57,"column":6},"end":{"line":57,"column":34}},"26":{"start":{"line":59,"column":4},"end":{"line":61,"column":5}},"27":{"start":{"line":60,"column":6},"end":{"line":60,"column":35}},"28":{"start":{"line":65,"column":4},"end":{"line":67,"column":5}},"29":{"start":{"line":66,"column":6},"end":{"line":66,"column":33}},"30":{"start":{"line":69,"column":4},"end":{"line":69,"column":31}},"31":{"start":{"line":71,"column":4},"end":{"line":73,"column":5}},"32":{"start":{"line":72,"column":6},"end":{"line":72,"column":34}},"33":{"start":{"line":77,"column":4},"end":{"line":79,"column":5}},"34":{"start":{"line":78,"column":6},"end":{"line":78,"column":35}},"35":{"start":{"line":81,"column":4},"end":{"line":83,"column":5}},"36":{"start":{"line":82,"column":6},"end":{"line":82,"column":36}},"37":{"start":{"line":85,"column":4},"end":{"line":85,"column":31}},"38":{"start":{"line":89,"column":0},"end":{"line":92,"column":2}}},"fnMap":{"0":{"name":"(anonymous_0)","decl":{"start":{"line":4,"column":2},"end":{"line":4,"column":3}},"loc":{"start":{"line":4,"column":21},"end":{"line":8,"column":3}},"line":4},"1":{"name":"(anonymous_1)","decl":{"start":{"line":12,"column":2},"end":{"line":12,"column":3}},"loc":{"start":{"line":12,"column":16},"end":{"line":14,"column":3}},"line":12},"2":{"name":"(anonymous_2)","decl":{"start":{"line":16,"column":2},"end":{"line":16,"column":3}},"loc":{"start":{"line":16,"column":35},"end":{"line":33,"column":3}},"line":16},"3":{"name":"(anonymous_3)","decl":{"start":{"line":35,"column":2},"end":{"line":35,"column":3}},"loc":{"start":{"line":35,"column":18},"end":{"line":39,"column":3}},"line":35},"4":{"name":"(anonymous_4)","decl":{"start":{"line":41,"column":2},"end":{"line":41,"column":3}},"loc":{"start":{"line":41,"column":27},"end":{"line":51,"column":3}},"line":41},"5":{"name":"(anonymous_5)","decl":{"start":{"line":53,"column":2},"end":{"line":53,"column":3}},"loc":{"start":{"line":53,"column":20},"end":{"line":62,"column":3}},"line":53},"6":{"name":"(anonymous_6)","decl":{"start":{"line":64,"column":2},"end":{"line":64,"column":3}},"loc":{"start":{"line":64,"column":19},"end":{"line":74,"column":3}},"line":64},"7":{"name":"(anonymous_7)","decl":{"start":{"line":76,"column":2},"end":{"line":76,"column":3}},"loc":{"start":{"line":76,"column":21},"end":{"line":86,"column":3}},"line":76}},"branchMap":{"0":{"loc":{"start":{"line":16,"column":14},"end":{"line":16,"column":33}},"type":"default-arg","locations":[{"start":{"line":16,"column":24},"end":{"line":16,"column":33}}],"line":16},"1":{"loc":{"start":{"line":17,"column":4},"end":{"line":19,"column":5}},"type":"if","locations":[{"start":{"line":17,"column":4},"end":{"line":19,"column":5}},{"start":{},"end":{}}],"line":17},"2":{"loc":{"start":{"line":20,"column":4},"end":{"line":32,"column":5}},"type":"if","locations":[{"start":{"line":20,"column":4},"end":{"line":32,"column":5}},{"start":{"line":26,"column":11},"end":{"line":32,"column":5}}],"line":20},"3":{"loc":{"start":{"line":21,"column":6},"end":{"line":25,"column":7}},"type":"if","locations":[{"start":{"line":21,"column":6},"end":{"line":25,"column":7}},{"start":{"line":23,"column":13},"end":{"line":25,"column":7}}],"line":21},"4":{"loc":{"start":{"line":26,"column":11},"end":{"line":32,"column":5}},"type":"if","locations":[{"start":{"line":26,"column":11},"end":{"line":32,"column":5}},{"start":{},"end":{}}],"line":26},"5":{"loc":{"start":{"line":27,"column":6},"end":{"line":31,"column":7}},"type":"if","locations":[{"start":{"line":27,"column":6},"end":{"line":31,"column":7}},{"start":{"line":29,"column":13},"end":{"line":31,"column":7}}],"line":27},"6":{"loc":{"start":{"line":42,"column":4},"end":{"line":44,"column":5}},"type":"if","locations":[{"start":{"line":42,"column":4},"end":{"line":44,"column":5}},{"start":{},"end":{}}],"line":42},"7":{"loc":{"start":{"line":45,"column":4},"end":{"line":47,"column":5}},"type":"if","locations":[{"start":{"line":45,"column":4},"end":{"line":47,"column":5}},{"start":{},"end":{}}],"line":45},"8":{"loc":{"start":{"line":48,"column":4},"end":{"line":50,"column":5}},"type":"if","locations":[{"start":{"line":48,"column":4},"end":{"line":50,"column":5}},{"start":{},"end":{}}],"line":48},"9":{"loc":{"start":{"line":56,"column":4},"end":{"line":58,"column":5}},"type":"if","locations":[{"start":{"line":56,"column":4},"end":{"line":58,"column":5}},{"start":{},"end":{}}],"line":56},"10":{"loc":{"start":{"line":59,"column":4},"end":{"line":61,"column":5}},"type":"if","locations":[{"start":{"line":59,"column":4},"end":{"line":61,"column":5}},{"start":{},"end":{}}],"line":59},"11":{"loc":{"start":{"line":65,"column":4},"end":{"line":67,"column":5}},"type":"if","locations":[{"start":{"line":65,"column":4},"end":{"line":67,"column":5}},{"start":{},"end":{}}],"line":65},"12":{"loc":{"start":{"line":71,"column":4},"end":{"line":73,"column":5}},"type":"if","locations":[{"start":{"line":71,"column":4},"end":{"line":73,"column":5}},{"start":{},"end":{}}],"line":71},"13":{"loc":{"start":{"line":77,"column":4},"end":{"line":79,"column":5}},"type":"if","locations":[{"start":{"line":77,"column":4},"end":{"line":79,"column":5}},{"start":{},"end":{}}],"line":77},"14":{"loc":{"start":{"line":81,"column":4},"end":{"line":83,"column":5}},"type":"if","locations":[{"start":{"line":81,"column":4},"end":{"line":83,"column":5}},{"start":{},"end":{}}],"line":81}},"s":{"0":35,"1":35,"2":35,"3":6,"4":0,"5":0,"6":0,"7":0,"8":0,"9":0,"10":0,"11":0,"12":0,"13":0,"14":0,"15":0,"16":0,"17":0,"18":0,"19":0,"20":0,"21":0,"22":0,"23":0,"24":0,"25":0,"26":0,"27":0,"28":0,"29":0,"30":0,"31":0,"32":0,"33":0,"34":0,"35":0,"36":0,"37":0,"38":2},"f":{"0":35,"1":6,"2":0,"3":0,"4":0,"5":0,"6":0,"7":0},"b":{"0":[0],"1":[0,0],"2":[0,0],"3":[0,0],"4":[0,0],"5":[0,0],"6":[0,0],"7":[0,0],"8":[0,0],"9":[0,0],"10":[0,0],"11":[0,0],"12":[0,0],"13":[0,0],"14":[0,0]},"_coverageSchema":"1a1c01bbd47fc00a2c39e90264f33305004495a9","hash":"cae7935f89db1dbd2c9ba1b7d7436bda2636d444"}
}
