{"/Users/antoinecharette/Documents/projects/codefellows/code401/code401-data-structures-and-algorithms/linked-list-insertions/linked-list-insertions.js": {"path":"/Users/antoinecharette/Documents/projects/codefellows/code401/code401-data-structures-and-algorithms/linked-list-insertions/linked-list-insertions.js","statementMap":{"0":{"start":{"line":5,"column":4},"end":{"line":5,"column":23}},"1":{"start":{"line":6,"column":4},"end":{"line":6,"column":21}},"2":{"start":{"line":12,"column":4},"end":{"line":12,"column":21}},"3":{"start":{"line":16,"column":4},"end":{"line":19,"column":5}},"4":{"start":{"line":17,"column":6},"end":{"line":17,"column":27}},"5":{"start":{"line":18,"column":6},"end":{"line":18,"column":29}},"6":{"start":{"line":23,"column":20},"end":{"line":23,"column":35}},"7":{"start":{"line":24,"column":20},"end":{"line":24,"column":29}},"8":{"start":{"line":25,"column":4},"end":{"line":25,"column":24}},"9":{"start":{"line":26,"column":4},"end":{"line":26,"column":27}},"10":{"start":{"line":30,"column":18},"end":{"line":30,"column":27}},"11":{"start":{"line":31,"column":4},"end":{"line":36,"column":5}},"12":{"start":{"line":32,"column":6},"end":{"line":34,"column":7}},"13":{"start":{"line":33,"column":8},"end":{"line":33,"column":20}},"14":{"start":{"line":35,"column":6},"end":{"line":35,"column":29}},"15":{"start":{"line":37,"column":4},"end":{"line":37,"column":17}},"16":{"start":{"line":41,"column":18},"end":{"line":41,"column":27}},"17":{"start":{"line":42,"column":17},"end":{"line":42,"column":19}},"18":{"start":{"line":43,"column":4},"end":{"line":46,"column":5}},"19":{"start":{"line":44,"column":6},"end":{"line":44,"column":43}},"20":{"start":{"line":45,"column":6},"end":{"line":45,"column":29}},"21":{"start":{"line":47,"column":4},"end":{"line":47,"column":30}},"22":{"start":{"line":51,"column":18},"end":{"line":51,"column":27}},"23":{"start":{"line":52,"column":4},"end":{"line":54,"column":5}},"24":{"start":{"line":53,"column":6},"end":{"line":53,"column":29}},"25":{"start":{"line":55,"column":4},"end":{"line":55,"column":35}},"26":{"start":{"line":59,"column":18},"end":{"line":59,"column":27}},"27":{"start":{"line":60,"column":20},"end":{"line":60,"column":38}},"28":{"start":{"line":61,"column":4},"end":{"line":72,"column":5}},"29":{"start":{"line":62,"column":6},"end":{"line":70,"column":7}},"30":{"start":{"line":63,"column":8},"end":{"line":63,"column":33}},"31":{"start":{"line":64,"column":8},"end":{"line":64,"column":28}},"32":{"start":{"line":65,"column":8},"end":{"line":65,"column":15}},"33":{"start":{"line":66,"column":13},"end":{"line":70,"column":7}},"34":{"start":{"line":67,"column":8},"end":{"line":67,"column":36}},"35":{"start":{"line":68,"column":8},"end":{"line":68,"column":31}},"36":{"start":{"line":69,"column":8},"end":{"line":69,"column":15}},"37":{"start":{"line":71,"column":6},"end":{"line":71,"column":29}},"38":{"start":{"line":76,"column":18},"end":{"line":76,"column":27}},"39":{"start":{"line":77,"column":20},"end":{"line":77,"column":38}},"40":{"start":{"line":78,"column":4},"end":{"line":84,"column":5}},"41":{"start":{"line":79,"column":6},"end":{"line":82,"column":7}},"42":{"start":{"line":80,"column":8},"end":{"line":80,"column":36}},"43":{"start":{"line":81,"column":8},"end":{"line":81,"column":31}},"44":{"start":{"line":83,"column":6},"end":{"line":83,"column":29}},"45":{"start":{"line":88,"column":0},"end":{"line":91,"column":2}}},"fnMap":{"0":{"name":"(anonymous_0)","decl":{"start":{"line":4,"column":2},"end":{"line":4,"column":3}},"loc":{"start":{"line":4,"column":21},"end":{"line":7,"column":3}},"line":4},"1":{"name":"(anonymous_1)","decl":{"start":{"line":11,"column":2},"end":{"line":11,"column":3}},"loc":{"start":{"line":11,"column":16},"end":{"line":13,"column":3}},"line":11},"2":{"name":"(anonymous_2)","decl":{"start":{"line":15,"column":2},"end":{"line":15,"column":3}},"loc":{"start":{"line":15,"column":20},"end":{"line":20,"column":3}},"line":15},"3":{"name":"(anonymous_3)","decl":{"start":{"line":22,"column":2},"end":{"line":22,"column":3}},"loc":{"start":{"line":22,"column":16},"end":{"line":27,"column":3}},"line":22},"4":{"name":"(anonymous_4)","decl":{"start":{"line":29,"column":2},"end":{"line":29,"column":3}},"loc":{"start":{"line":29,"column":18},"end":{"line":38,"column":3}},"line":29},"5":{"name":"(anonymous_5)","decl":{"start":{"line":40,"column":2},"end":{"line":40,"column":3}},"loc":{"start":{"line":40,"column":13},"end":{"line":48,"column":3}},"line":40},"6":{"name":"(anonymous_6)","decl":{"start":{"line":50,"column":2},"end":{"line":50,"column":3}},"loc":{"start":{"line":50,"column":16},"end":{"line":56,"column":3}},"line":50},"7":{"name":"(anonymous_7)","decl":{"start":{"line":58,"column":2},"end":{"line":58,"column":3}},"loc":{"start":{"line":58,"column":32},"end":{"line":73,"column":3}},"line":58},"8":{"name":"(anonymous_8)","decl":{"start":{"line":75,"column":2},"end":{"line":75,"column":3}},"loc":{"start":{"line":75,"column":31},"end":{"line":85,"column":3}},"line":75}},"branchMap":{"0":{"loc":{"start":{"line":16,"column":4},"end":{"line":19,"column":5}},"type":"if","locations":[{"start":{"line":16,"column":4},"end":{"line":19,"column":5}},{"start":{},"end":{}}],"line":16},"1":{"loc":{"start":{"line":32,"column":6},"end":{"line":34,"column":7}},"type":"if","locations":[{"start":{"line":32,"column":6},"end":{"line":34,"column":7}},{"start":{},"end":{}}],"line":32},"2":{"loc":{"start":{"line":62,"column":6},"end":{"line":70,"column":7}},"type":"if","locations":[{"start":{"line":62,"column":6},"end":{"line":70,"column":7}},{"start":{"line":66,"column":13},"end":{"line":70,"column":7}}],"line":62},"3":{"loc":{"start":{"line":66,"column":13},"end":{"line":70,"column":7}},"type":"if","locations":[{"start":{"line":66,"column":13},"end":{"line":70,"column":7}},{"start":{},"end":{}}],"line":66},"4":{"loc":{"start":{"line":79,"column":6},"end":{"line":82,"column":7}},"type":"if","locations":[{"start":{"line":79,"column":6},"end":{"line":82,"column":7}},{"start":{},"end":{}}],"line":79}},"s":{"0":34,"1":34,"2":12,"3":0,"4":0,"5":0,"6":1,"7":1,"8":1,"9":1,"10":2,"11":2,"12":2,"13":1,"14":1,"15":1,"16":1,"17":1,"18":1,"19":4,"20":4,"21":1,"22":4,"23":4,"24":7,"25":4,"26":2,"27":2,"28":2,"29":2,"30":1,"31":1,"32":1,"33":1,"34":1,"35":1,"36":1,"37":0,"38":2,"39":2,"40":2,"41":8,"42":2,"43":2,"44":8,"45":1},"f":{"0":34,"1":12,"2":0,"3":1,"4":2,"5":1,"6":4,"7":2,"8":2},"b":{"0":[0,0],"1":[1,1],"2":[1,1],"3":[1,0],"4":[2,6]},"_coverageSchema":"1a1c01bbd47fc00a2c39e90264f33305004495a9","hash":"5a948545b4cceb81c4d44e0fc49de9a3bcf7d8d9"}
,"/Users/antoinecharette/Documents/projects/codefellows/code401/code401-data-structures-and-algorithms/linked-list-kth/linked-list-kth.js": {"path":"/Users/antoinecharette/Documents/projects/codefellows/code401/code401-data-structures-and-algorithms/linked-list-kth/linked-list-kth.js","statementMap":{"0":{"start":{"line":5,"column":4},"end":{"line":5,"column":23}},"1":{"start":{"line":6,"column":4},"end":{"line":6,"column":21}},"2":{"start":{"line":12,"column":4},"end":{"line":12,"column":21}},"3":{"start":{"line":16,"column":4},"end":{"line":19,"column":5}},"4":{"start":{"line":17,"column":6},"end":{"line":17,"column":27}},"5":{"start":{"line":18,"column":6},"end":{"line":18,"column":29}},"6":{"start":{"line":23,"column":20},"end":{"line":23,"column":29}},"7":{"start":{"line":24,"column":4},"end":{"line":24,"column":24}},"8":{"start":{"line":25,"column":4},"end":{"line":25,"column":27}},"9":{"start":{"line":29,"column":18},"end":{"line":29,"column":27}},"10":{"start":{"line":30,"column":4},"end":{"line":35,"column":5}},"11":{"start":{"line":31,"column":6},"end":{"line":33,"column":7}},"12":{"start":{"line":32,"column":8},"end":{"line":32,"column":20}},"13":{"start":{"line":34,"column":6},"end":{"line":34,"column":29}},"14":{"start":{"line":36,"column":4},"end":{"line":36,"column":17}},"15":{"start":{"line":40,"column":18},"end":{"line":40,"column":27}},"16":{"start":{"line":41,"column":17},"end":{"line":41,"column":19}},"17":{"start":{"line":42,"column":4},"end":{"line":45,"column":5}},"18":{"start":{"line":43,"column":6},"end":{"line":43,"column":43}},"19":{"start":{"line":44,"column":6},"end":{"line":44,"column":29}},"20":{"start":{"line":46,"column":4},"end":{"line":46,"column":30}},"21":{"start":{"line":50,"column":18},"end":{"line":50,"column":27}},"22":{"start":{"line":51,"column":4},"end":{"line":53,"column":5}},"23":{"start":{"line":52,"column":6},"end":{"line":52,"column":29}},"24":{"start":{"line":54,"column":4},"end":{"line":54,"column":35}},"25":{"start":{"line":58,"column":18},"end":{"line":58,"column":27}},"26":{"start":{"line":59,"column":20},"end":{"line":59,"column":38}},"27":{"start":{"line":60,"column":4},"end":{"line":71,"column":5}},"28":{"start":{"line":61,"column":6},"end":{"line":69,"column":7}},"29":{"start":{"line":62,"column":8},"end":{"line":62,"column":33}},"30":{"start":{"line":63,"column":8},"end":{"line":63,"column":28}},"31":{"start":{"line":64,"column":8},"end":{"line":64,"column":15}},"32":{"start":{"line":65,"column":13},"end":{"line":69,"column":7}},"33":{"start":{"line":66,"column":8},"end":{"line":66,"column":36}},"34":{"start":{"line":67,"column":8},"end":{"line":67,"column":31}},"35":{"start":{"line":68,"column":8},"end":{"line":68,"column":15}},"36":{"start":{"line":70,"column":6},"end":{"line":70,"column":29}},"37":{"start":{"line":75,"column":18},"end":{"line":75,"column":27}},"38":{"start":{"line":76,"column":20},"end":{"line":76,"column":38}},"39":{"start":{"line":77,"column":4},"end":{"line":83,"column":5}},"40":{"start":{"line":78,"column":6},"end":{"line":81,"column":7}},"41":{"start":{"line":79,"column":8},"end":{"line":79,"column":36}},"42":{"start":{"line":80,"column":8},"end":{"line":80,"column":31}},"43":{"start":{"line":82,"column":6},"end":{"line":82,"column":29}},"44":{"start":{"line":87,"column":4},"end":{"line":103,"column":5}},"45":{"start":{"line":88,"column":20},"end":{"line":88,"column":29}},"46":{"start":{"line":89,"column":24},"end":{"line":89,"column":25}},"47":{"start":{"line":90,"column":22},"end":{"line":90,"column":24}},"48":{"start":{"line":91,"column":6},"end":{"line":95,"column":7}},"49":{"start":{"line":92,"column":8},"end":{"line":92,"column":45}},"50":{"start":{"line":93,"column":8},"end":{"line":93,"column":31}},"51":{"start":{"line":94,"column":8},"end":{"line":94,"column":22}},"52":{"start":{"line":96,"column":6},"end":{"line":100,"column":7}},"53":{"start":{"line":97,"column":8},"end":{"line":97,"column":47}},"54":{"start":{"line":99,"column":8},"end":{"line":99,"column":31}},"55":{"start":{"line":102,"column":6},"end":{"line":102,"column":29}},"56":{"start":{"line":107,"column":0},"end":{"line":110,"column":2}}},"fnMap":{"0":{"name":"(anonymous_0)","decl":{"start":{"line":4,"column":2},"end":{"line":4,"column":3}},"loc":{"start":{"line":4,"column":21},"end":{"line":7,"column":3}},"line":4},"1":{"name":"(anonymous_1)","decl":{"start":{"line":11,"column":2},"end":{"line":11,"column":3}},"loc":{"start":{"line":11,"column":16},"end":{"line":13,"column":3}},"line":11},"2":{"name":"(anonymous_2)","decl":{"start":{"line":15,"column":2},"end":{"line":15,"column":3}},"loc":{"start":{"line":15,"column":20},"end":{"line":20,"column":3}},"line":15},"3":{"name":"(anonymous_3)","decl":{"start":{"line":22,"column":2},"end":{"line":22,"column":3}},"loc":{"start":{"line":22,"column":18},"end":{"line":26,"column":3}},"line":22},"4":{"name":"(anonymous_4)","decl":{"start":{"line":28,"column":2},"end":{"line":28,"column":3}},"loc":{"start":{"line":28,"column":18},"end":{"line":37,"column":3}},"line":28},"5":{"name":"(anonymous_5)","decl":{"start":{"line":39,"column":2},"end":{"line":39,"column":3}},"loc":{"start":{"line":39,"column":13},"end":{"line":47,"column":3}},"line":39},"6":{"name":"(anonymous_6)","decl":{"start":{"line":49,"column":2},"end":{"line":49,"column":3}},"loc":{"start":{"line":49,"column":16},"end":{"line":55,"column":3}},"line":49},"7":{"name":"(anonymous_7)","decl":{"start":{"line":57,"column":2},"end":{"line":57,"column":3}},"loc":{"start":{"line":57,"column":32},"end":{"line":72,"column":3}},"line":57},"8":{"name":"(anonymous_8)","decl":{"start":{"line":74,"column":2},"end":{"line":74,"column":3}},"loc":{"start":{"line":74,"column":31},"end":{"line":84,"column":3}},"line":74},"9":{"name":"(anonymous_9)","decl":{"start":{"line":86,"column":2},"end":{"line":86,"column":3}},"loc":{"start":{"line":86,"column":16},"end":{"line":104,"column":3}},"line":86}},"branchMap":{"0":{"loc":{"start":{"line":16,"column":4},"end":{"line":19,"column":5}},"type":"if","locations":[{"start":{"line":16,"column":4},"end":{"line":19,"column":5}},{"start":{},"end":{}}],"line":16},"1":{"loc":{"start":{"line":31,"column":6},"end":{"line":33,"column":7}},"type":"if","locations":[{"start":{"line":31,"column":6},"end":{"line":33,"column":7}},{"start":{},"end":{}}],"line":31},"2":{"loc":{"start":{"line":61,"column":6},"end":{"line":69,"column":7}},"type":"if","locations":[{"start":{"line":61,"column":6},"end":{"line":69,"column":7}},{"start":{"line":65,"column":13},"end":{"line":69,"column":7}}],"line":61},"3":{"loc":{"start":{"line":65,"column":13},"end":{"line":69,"column":7}},"type":"if","locations":[{"start":{"line":65,"column":13},"end":{"line":69,"column":7}},{"start":{},"end":{}}],"line":65},"4":{"loc":{"start":{"line":78,"column":6},"end":{"line":81,"column":7}},"type":"if","locations":[{"start":{"line":78,"column":6},"end":{"line":81,"column":7}},{"start":{},"end":{}}],"line":78},"5":{"loc":{"start":{"line":87,"column":4},"end":{"line":103,"column":5}},"type":"if","locations":[{"start":{"line":87,"column":4},"end":{"line":103,"column":5}},{"start":{"line":101,"column":11},"end":{"line":103,"column":5}}],"line":87},"6":{"loc":{"start":{"line":96,"column":6},"end":{"line":100,"column":7}},"type":"if","locations":[{"start":{"line":96,"column":6},"end":{"line":100,"column":7}},{"start":{"line":98,"column":13},"end":{"line":100,"column":7}}],"line":96}},"s":{"0":14,"1":14,"2":4,"3":0,"4":0,"5":0,"6":0,"7":0,"8":0,"9":0,"10":0,"11":0,"12":0,"13":0,"14":0,"15":0,"16":0,"17":0,"18":0,"19":0,"20":0,"21":0,"22":0,"23":0,"24":0,"25":0,"26":0,"27":0,"28":0,"29":0,"30":0,"31":0,"32":0,"33":0,"34":0,"35":0,"36":0,"37":0,"38":0,"39":0,"40":0,"41":0,"42":0,"43":0,"44":4,"45":3,"46":3,"47":3,"48":3,"49":12,"50":12,"51":12,"52":3,"53":1,"54":2,"55":1,"56":1},"f":{"0":14,"1":4,"2":0,"3":0,"4":0,"5":0,"6":0,"7":0,"8":0,"9":4},"b":{"0":[0,0],"1":[0,0],"2":[0,0],"3":[0,0],"4":[0,0],"5":[3,1],"6":[1,2]},"_coverageSchema":"1a1c01bbd47fc00a2c39e90264f33305004495a9","hash":"f3dc3e56121f82d937bba390953135309dbcf634"}
,"/Users/antoinecharette/Documents/projects/codefellows/code401/code401-data-structures-and-algorithms/linked-list-zip/linked-list-zip.js": {"path":"/Users/antoinecharette/Documents/projects/codefellows/code401/code401-data-structures-and-algorithms/linked-list-zip/linked-list-zip.js","statementMap":{"0":{"start":{"line":5,"column":4},"end":{"line":5,"column":23}},"1":{"start":{"line":6,"column":4},"end":{"line":6,"column":21}},"2":{"start":{"line":12,"column":4},"end":{"line":12,"column":21}},"3":{"start":{"line":16,"column":4},"end":{"line":19,"column":5}},"4":{"start":{"line":17,"column":6},"end":{"line":17,"column":27}},"5":{"start":{"line":18,"column":6},"end":{"line":18,"column":29}},"6":{"start":{"line":23,"column":20},"end":{"line":23,"column":29}},"7":{"start":{"line":24,"column":4},"end":{"line":24,"column":24}},"8":{"start":{"line":25,"column":4},"end":{"line":25,"column":27}},"9":{"start":{"line":29,"column":18},"end":{"line":29,"column":27}},"10":{"start":{"line":30,"column":4},"end":{"line":35,"column":5}},"11":{"start":{"line":31,"column":6},"end":{"line":33,"column":7}},"12":{"start":{"line":32,"column":8},"end":{"line":32,"column":20}},"13":{"start":{"line":34,"column":6},"end":{"line":34,"column":29}},"14":{"start":{"line":36,"column":4},"end":{"line":36,"column":17}},"15":{"start":{"line":40,"column":18},"end":{"line":40,"column":27}},"16":{"start":{"line":41,"column":17},"end":{"line":41,"column":19}},"17":{"start":{"line":42,"column":4},"end":{"line":45,"column":5}},"18":{"start":{"line":43,"column":6},"end":{"line":43,"column":43}},"19":{"start":{"line":44,"column":6},"end":{"line":44,"column":29}},"20":{"start":{"line":46,"column":4},"end":{"line":46,"column":30}},"21":{"start":{"line":50,"column":18},"end":{"line":50,"column":27}},"22":{"start":{"line":51,"column":4},"end":{"line":53,"column":5}},"23":{"start":{"line":52,"column":6},"end":{"line":52,"column":29}},"24":{"start":{"line":54,"column":4},"end":{"line":54,"column":35}},"25":{"start":{"line":58,"column":4},"end":{"line":60,"column":5}},"26":{"start":{"line":59,"column":6},"end":{"line":59,"column":13}},"27":{"start":{"line":61,"column":4},"end":{"line":65,"column":5}},"28":{"start":{"line":62,"column":6},"end":{"line":62,"column":26}},"29":{"start":{"line":64,"column":6},"end":{"line":64,"column":42}},"30":{"start":{"line":69,"column":18},"end":{"line":69,"column":27}},"31":{"start":{"line":70,"column":20},"end":{"line":70,"column":38}},"32":{"start":{"line":71,"column":4},"end":{"line":82,"column":5}},"33":{"start":{"line":72,"column":6},"end":{"line":80,"column":7}},"34":{"start":{"line":73,"column":8},"end":{"line":73,"column":33}},"35":{"start":{"line":74,"column":8},"end":{"line":74,"column":28}},"36":{"start":{"line":75,"column":8},"end":{"line":75,"column":15}},"37":{"start":{"line":76,"column":13},"end":{"line":80,"column":7}},"38":{"start":{"line":77,"column":8},"end":{"line":77,"column":36}},"39":{"start":{"line":78,"column":8},"end":{"line":78,"column":31}},"40":{"start":{"line":79,"column":8},"end":{"line":79,"column":15}},"41":{"start":{"line":81,"column":6},"end":{"line":81,"column":29}},"42":{"start":{"line":86,"column":18},"end":{"line":86,"column":27}},"43":{"start":{"line":87,"column":20},"end":{"line":87,"column":38}},"44":{"start":{"line":88,"column":4},"end":{"line":94,"column":5}},"45":{"start":{"line":89,"column":6},"end":{"line":92,"column":7}},"46":{"start":{"line":90,"column":8},"end":{"line":90,"column":36}},"47":{"start":{"line":91,"column":8},"end":{"line":91,"column":31}},"48":{"start":{"line":93,"column":6},"end":{"line":93,"column":29}},"49":{"start":{"line":98,"column":4},"end":{"line":114,"column":5}},"50":{"start":{"line":99,"column":20},"end":{"line":99,"column":29}},"51":{"start":{"line":100,"column":24},"end":{"line":100,"column":25}},"52":{"start":{"line":101,"column":22},"end":{"line":101,"column":24}},"53":{"start":{"line":102,"column":6},"end":{"line":106,"column":7}},"54":{"start":{"line":103,"column":8},"end":{"line":103,"column":45}},"55":{"start":{"line":104,"column":8},"end":{"line":104,"column":31}},"56":{"start":{"line":105,"column":8},"end":{"line":105,"column":22}},"57":{"start":{"line":107,"column":6},"end":{"line":111,"column":7}},"58":{"start":{"line":108,"column":8},"end":{"line":108,"column":47}},"59":{"start":{"line":110,"column":8},"end":{"line":110,"column":31}},"60":{"start":{"line":113,"column":6},"end":{"line":113,"column":29}},"61":{"start":{"line":117,"column":12},"end":{"line":146,"column":1}},"62":{"start":{"line":118,"column":2},"end":{"line":145,"column":3}},"63":{"start":{"line":119,"column":15},"end":{"line":119,"column":31}},"64":{"start":{"line":120,"column":23},"end":{"line":120,"column":30}},"65":{"start":{"line":121,"column":23},"end":{"line":121,"column":30}},"66":{"start":{"line":122,"column":4},"end":{"line":122,"column":25}},"67":{"start":{"line":123,"column":18},"end":{"line":123,"column":25}},"68":{"start":{"line":124,"column":4},"end":{"line":141,"column":5}},"69":{"start":{"line":125,"column":6},"end":{"line":132,"column":7}},"70":{"start":{"line":126,"column":8},"end":{"line":126,"column":43}},"71":{"start":{"line":127,"column":8},"end":{"line":127,"column":41}},"72":{"start":{"line":128,"column":8},"end":{"line":131,"column":9}},"73":{"start":{"line":129,"column":10},"end":{"line":129,"column":36}},"74":{"start":{"line":130,"column":10},"end":{"line":130,"column":33}},"75":{"start":{"line":133,"column":6},"end":{"line":140,"column":7}},"76":{"start":{"line":134,"column":8},"end":{"line":134,"column":43}},"77":{"start":{"line":135,"column":8},"end":{"line":135,"column":41}},"78":{"start":{"line":136,"column":8},"end":{"line":139,"column":9}},"79":{"start":{"line":137,"column":10},"end":{"line":137,"column":36}},"80":{"start":{"line":138,"column":10},"end":{"line":138,"column":33}},"81":{"start":{"line":142,"column":4},"end":{"line":142,"column":14}},"82":{"start":{"line":144,"column":4},"end":{"line":144,"column":16}},"83":{"start":{"line":148,"column":14},"end":{"line":148,"column":30}},"84":{"start":{"line":149,"column":0},"end":{"line":149,"column":25}},"85":{"start":{"line":150,"column":0},"end":{"line":150,"column":31}},"86":{"start":{"line":151,"column":0},"end":{"line":151,"column":36}},"87":{"start":{"line":152,"column":0},"end":{"line":152,"column":41}},"88":{"start":{"line":154,"column":14},"end":{"line":154,"column":30}},"89":{"start":{"line":155,"column":0},"end":{"line":155,"column":26}},"90":{"start":{"line":156,"column":0},"end":{"line":156,"column":31}},"91":{"start":{"line":157,"column":0},"end":{"line":157,"column":36}},"92":{"start":{"line":158,"column":0},"end":{"line":158,"column":41}},"93":{"start":{"line":160,"column":16},"end":{"line":160,"column":33}},"94":{"start":{"line":161,"column":0},"end":{"line":161,"column":32}},"95":{"start":{"line":163,"column":0},"end":{"line":167,"column":2}}},"fnMap":{"0":{"name":"(anonymous_0)","decl":{"start":{"line":4,"column":2},"end":{"line":4,"column":3}},"loc":{"start":{"line":4,"column":21},"end":{"line":7,"column":3}},"line":4},"1":{"name":"(anonymous_1)","decl":{"start":{"line":11,"column":2},"end":{"line":11,"column":3}},"loc":{"start":{"line":11,"column":16},"end":{"line":13,"column":3}},"line":11},"2":{"name":"(anonymous_2)","decl":{"start":{"line":15,"column":2},"end":{"line":15,"column":3}},"loc":{"start":{"line":15,"column":20},"end":{"line":20,"column":3}},"line":15},"3":{"name":"(anonymous_3)","decl":{"start":{"line":22,"column":2},"end":{"line":22,"column":3}},"loc":{"start":{"line":22,"column":18},"end":{"line":26,"column":3}},"line":22},"4":{"name":"(anonymous_4)","decl":{"start":{"line":28,"column":2},"end":{"line":28,"column":3}},"loc":{"start":{"line":28,"column":18},"end":{"line":37,"column":3}},"line":28},"5":{"name":"(anonymous_5)","decl":{"start":{"line":39,"column":2},"end":{"line":39,"column":3}},"loc":{"start":{"line":39,"column":13},"end":{"line":47,"column":3}},"line":39},"6":{"name":"(anonymous_6)","decl":{"start":{"line":49,"column":2},"end":{"line":49,"column":3}},"loc":{"start":{"line":49,"column":16},"end":{"line":55,"column":3}},"line":49},"7":{"name":"(anonymous_7)","decl":{"start":{"line":57,"column":2},"end":{"line":57,"column":3}},"loc":{"start":{"line":57,"column":28},"end":{"line":66,"column":3}},"line":57},"8":{"name":"(anonymous_8)","decl":{"start":{"line":68,"column":2},"end":{"line":68,"column":3}},"loc":{"start":{"line":68,"column":32},"end":{"line":83,"column":3}},"line":68},"9":{"name":"(anonymous_9)","decl":{"start":{"line":85,"column":2},"end":{"line":85,"column":3}},"loc":{"start":{"line":85,"column":31},"end":{"line":95,"column":3}},"line":85},"10":{"name":"(anonymous_10)","decl":{"start":{"line":97,"column":2},"end":{"line":97,"column":3}},"loc":{"start":{"line":97,"column":16},"end":{"line":115,"column":3}},"line":97},"11":{"name":"(anonymous_11)","decl":{"start":{"line":117,"column":12},"end":{"line":117,"column":13}},"loc":{"start":{"line":117,"column":24},"end":{"line":146,"column":1}},"line":117}},"branchMap":{"0":{"loc":{"start":{"line":16,"column":4},"end":{"line":19,"column":5}},"type":"if","locations":[{"start":{"line":16,"column":4},"end":{"line":19,"column":5}},{"start":{},"end":{}}],"line":16},"1":{"loc":{"start":{"line":31,"column":6},"end":{"line":33,"column":7}},"type":"if","locations":[{"start":{"line":31,"column":6},"end":{"line":33,"column":7}},{"start":{},"end":{}}],"line":31},"2":{"loc":{"start":{"line":58,"column":4},"end":{"line":60,"column":5}},"type":"if","locations":[{"start":{"line":58,"column":4},"end":{"line":60,"column":5}},{"start":{},"end":{}}],"line":58},"3":{"loc":{"start":{"line":61,"column":4},"end":{"line":65,"column":5}},"type":"if","locations":[{"start":{"line":61,"column":4},"end":{"line":65,"column":5}},{"start":{"line":63,"column":11},"end":{"line":65,"column":5}}],"line":61},"4":{"loc":{"start":{"line":72,"column":6},"end":{"line":80,"column":7}},"type":"if","locations":[{"start":{"line":72,"column":6},"end":{"line":80,"column":7}},{"start":{"line":76,"column":13},"end":{"line":80,"column":7}}],"line":72},"5":{"loc":{"start":{"line":76,"column":13},"end":{"line":80,"column":7}},"type":"if","locations":[{"start":{"line":76,"column":13},"end":{"line":80,"column":7}},{"start":{},"end":{}}],"line":76},"6":{"loc":{"start":{"line":89,"column":6},"end":{"line":92,"column":7}},"type":"if","locations":[{"start":{"line":89,"column":6},"end":{"line":92,"column":7}},{"start":{},"end":{}}],"line":89},"7":{"loc":{"start":{"line":98,"column":4},"end":{"line":114,"column":5}},"type":"if","locations":[{"start":{"line":98,"column":4},"end":{"line":114,"column":5}},{"start":{"line":112,"column":11},"end":{"line":114,"column":5}}],"line":98},"8":{"loc":{"start":{"line":107,"column":6},"end":{"line":111,"column":7}},"type":"if","locations":[{"start":{"line":107,"column":6},"end":{"line":111,"column":7}},{"start":{"line":109,"column":13},"end":{"line":111,"column":7}}],"line":107},"9":{"loc":{"start":{"line":118,"column":2},"end":{"line":145,"column":3}},"type":"if","locations":[{"start":{"line":118,"column":2},"end":{"line":145,"column":3}},{"start":{"line":143,"column":9},"end":{"line":145,"column":3}}],"line":118},"10":{"loc":{"start":{"line":118,"column":6},"end":{"line":118,"column":14}},"type":"binary-expr","locations":[{"start":{"line":118,"column":6},"end":{"line":118,"column":8}},{"start":{"line":118,"column":12},"end":{"line":118,"column":14}}],"line":118},"11":{"loc":{"start":{"line":124,"column":11},"end":{"line":124,"column":39}},"type":"binary-expr","locations":[{"start":{"line":124,"column":11},"end":{"line":124,"column":23}},{"start":{"line":124,"column":27},"end":{"line":124,"column":39}}],"line":124},"12":{"loc":{"start":{"line":125,"column":6},"end":{"line":132,"column":7}},"type":"if","locations":[{"start":{"line":125,"column":6},"end":{"line":132,"column":7}},{"start":{},"end":{}}],"line":125},"13":{"loc":{"start":{"line":128,"column":8},"end":{"line":131,"column":9}},"type":"if","locations":[{"start":{"line":128,"column":8},"end":{"line":131,"column":9}},{"start":{},"end":{}}],"line":128},"14":{"loc":{"start":{"line":128,"column":12},"end":{"line":128,"column":40}},"type":"binary-expr","locations":[{"start":{"line":128,"column":12},"end":{"line":128,"column":24}},{"start":{"line":128,"column":28},"end":{"line":128,"column":40}}],"line":128},"15":{"loc":{"start":{"line":133,"column":6},"end":{"line":140,"column":7}},"type":"if","locations":[{"start":{"line":133,"column":6},"end":{"line":140,"column":7}},{"start":{},"end":{}}],"line":133},"16":{"loc":{"start":{"line":136,"column":8},"end":{"line":139,"column":9}},"type":"if","locations":[{"start":{"line":136,"column":8},"end":{"line":139,"column":9}},{"start":{},"end":{}}],"line":136},"17":{"loc":{"start":{"line":136,"column":12},"end":{"line":136,"column":40}},"type":"binary-expr","locations":[{"start":{"line":136,"column":12},"end":{"line":136,"column":24}},{"start":{"line":136,"column":28},"end":{"line":136,"column":40}}],"line":136}},"s":{"0":56,"1":56,"2":10,"3":0,"4":0,"5":0,"6":0,"7":0,"8":0,"9":0,"10":0,"11":0,"12":0,"13":0,"14":0,"15":4,"16":4,"17":4,"18":32,"19":32,"20":4,"21":0,"22":0,"23":0,"24":0,"25":0,"26":0,"27":0,"28":0,"29":0,"30":0,"31":0,"32":0,"33":0,"34":0,"35":0,"36":0,"37":0,"38":0,"39":0,"40":0,"41":0,"42":0,"43":0,"44":0,"45":0,"46":0,"47":0,"48":0,"49":0,"50":0,"51":0,"52":0,"53":0,"54":0,"55":0,"56":0,"57":0,"58":0,"59":0,"60":0,"61":1,"62":4,"63":4,"64":4,"65":4,"66":4,"67":4,"68":4,"69":18,"70":16,"71":16,"72":16,"73":15,"74":15,"75":18,"76":16,"77":16,"78":16,"79":13,"80":13,"81":4,"82":0,"83":1,"84":1,"85":1,"86":1,"87":1,"88":1,"89":1,"90":1,"91":1,"92":1,"93":1,"94":1,"95":1},"f":{"0":56,"1":10,"2":0,"3":0,"4":0,"5":4,"6":0,"7":0,"8":0,"9":0,"10":0,"11":4},"b":{"0":[0,0],"1":[0,0],"2":[0,0],"3":[0,0],"4":[0,0],"5":[0,0],"6":[0,0],"7":[0,0],"8":[0,0],"9":[4,0],"10":[4,4],"11":[22,6],"12":[16,2],"13":[15,1],"14":[16,4],"15":[16,2],"16":[13,3],"17":[16,5]},"_coverageSchema":"1a1c01bbd47fc00a2c39e90264f33305004495a9","hash":"1f99811a47487235a59751690f0743319eff7720"}
,"/Users/antoinecharette/Documents/projects/codefellows/code401/code401-data-structures-and-algorithms/stack-and-queue/stack-and-queue.js": {"path":"/Users/antoinecharette/Documents/projects/codefellows/code401/code401-data-structures-and-algorithms/stack-and-queue/stack-and-queue.js","statementMap":{"0":{"start":{"line":5,"column":4},"end":{"line":5,"column":23}},"1":{"start":{"line":6,"column":4},"end":{"line":6,"column":21}},"2":{"start":{"line":12,"column":4},"end":{"line":12,"column":20}},"3":{"start":{"line":16,"column":19},"end":{"line":16,"column":34}},"4":{"start":{"line":17,"column":20},"end":{"line":17,"column":28}},"5":{"start":{"line":18,"column":4},"end":{"line":18,"column":22}},"6":{"start":{"line":19,"column":4},"end":{"line":19,"column":26}},"7":{"start":{"line":23,"column":4},"end":{"line":30,"column":5}},"8":{"start":{"line":24,"column":21},"end":{"line":24,"column":34}},"9":{"start":{"line":25,"column":28},"end":{"line":25,"column":42}},"10":{"start":{"line":26,"column":6},"end":{"line":26,"column":24}},"11":{"start":{"line":27,"column":6},"end":{"line":27,"column":27}},"12":{"start":{"line":29,"column":6},"end":{"line":29,"column":41}},"13":{"start":{"line":34,"column":4},"end":{"line":38,"column":5}},"14":{"start":{"line":35,"column":6},"end":{"line":35,"column":28}},"15":{"start":{"line":37,"column":6},"end":{"line":37,"column":41}},"16":{"start":{"line":42,"column":4},"end":{"line":46,"column":5}},"17":{"start":{"line":43,"column":6},"end":{"line":43,"column":19}},"18":{"start":{"line":45,"column":6},"end":{"line":45,"column":18}},"19":{"start":{"line":52,"column":4},"end":{"line":52,"column":22}},"20":{"start":{"line":53,"column":4},"end":{"line":53,"column":27}},"21":{"start":{"line":57,"column":4},"end":{"line":65,"column":5}},"22":{"start":{"line":58,"column":22},"end":{"line":58,"column":37}},"23":{"start":{"line":59,"column":6},"end":{"line":59,"column":31}},"24":{"start":{"line":60,"column":6},"end":{"line":60,"column":26}},"25":{"start":{"line":62,"column":22},"end":{"line":62,"column":37}},"26":{"start":{"line":63,"column":6},"end":{"line":63,"column":27}},"27":{"start":{"line":64,"column":6},"end":{"line":64,"column":26}},"28":{"start":{"line":69,"column":4},"end":{"line":76,"column":5}},"29":{"start":{"line":70,"column":23},"end":{"line":70,"column":38}},"30":{"start":{"line":71,"column":28},"end":{"line":71,"column":44}},"31":{"start":{"line":72,"column":6},"end":{"line":72,"column":28}},"32":{"start":{"line":73,"column":6},"end":{"line":73,"column":27}},"33":{"start":{"line":75,"column":6},"end":{"line":75,"column":41}},"34":{"start":{"line":80,"column":4},"end":{"line":84,"column":5}},"35":{"start":{"line":81,"column":6},"end":{"line":81,"column":30}},"36":{"start":{"line":83,"column":6},"end":{"line":83,"column":41}},"37":{"start":{"line":88,"column":4},"end":{"line":92,"column":5}},"38":{"start":{"line":89,"column":6},"end":{"line":89,"column":19}},"39":{"start":{"line":91,"column":6},"end":{"line":91,"column":18}},"40":{"start":{"line":96,"column":0},"end":{"line":100,"column":2}}},"fnMap":{"0":{"name":"(anonymous_0)","decl":{"start":{"line":4,"column":2},"end":{"line":4,"column":3}},"loc":{"start":{"line":4,"column":21},"end":{"line":7,"column":3}},"line":4},"1":{"name":"(anonymous_1)","decl":{"start":{"line":11,"column":2},"end":{"line":11,"column":3}},"loc":{"start":{"line":11,"column":16},"end":{"line":13,"column":3}},"line":11},"2":{"name":"(anonymous_2)","decl":{"start":{"line":15,"column":2},"end":{"line":15,"column":3}},"loc":{"start":{"line":15,"column":14},"end":{"line":20,"column":3}},"line":15},"3":{"name":"(anonymous_3)","decl":{"start":{"line":22,"column":2},"end":{"line":22,"column":3}},"loc":{"start":{"line":22,"column":8},"end":{"line":31,"column":3}},"line":22},"4":{"name":"(anonymous_4)","decl":{"start":{"line":33,"column":2},"end":{"line":33,"column":3}},"loc":{"start":{"line":33,"column":9},"end":{"line":39,"column":3}},"line":33},"5":{"name":"(anonymous_5)","decl":{"start":{"line":41,"column":2},"end":{"line":41,"column":3}},"loc":{"start":{"line":41,"column":12},"end":{"line":47,"column":3}},"line":41},"6":{"name":"(anonymous_6)","decl":{"start":{"line":51,"column":2},"end":{"line":51,"column":3}},"loc":{"start":{"line":51,"column":16},"end":{"line":54,"column":3}},"line":51},"7":{"name":"(anonymous_7)","decl":{"start":{"line":56,"column":2},"end":{"line":56,"column":3}},"loc":{"start":{"line":56,"column":17},"end":{"line":66,"column":3}},"line":56},"8":{"name":"(anonymous_8)","decl":{"start":{"line":68,"column":2},"end":{"line":68,"column":3}},"loc":{"start":{"line":68,"column":12},"end":{"line":77,"column":3}},"line":68},"9":{"name":"(anonymous_9)","decl":{"start":{"line":79,"column":2},"end":{"line":79,"column":3}},"loc":{"start":{"line":79,"column":9},"end":{"line":85,"column":3}},"line":79},"10":{"name":"(anonymous_10)","decl":{"start":{"line":87,"column":2},"end":{"line":87,"column":3}},"loc":{"start":{"line":87,"column":12},"end":{"line":93,"column":3}},"line":87}},"branchMap":{"0":{"loc":{"start":{"line":23,"column":4},"end":{"line":30,"column":5}},"type":"if","locations":[{"start":{"line":23,"column":4},"end":{"line":30,"column":5}},{"start":{"line":28,"column":11},"end":{"line":30,"column":5}}],"line":23},"1":{"loc":{"start":{"line":34,"column":4},"end":{"line":38,"column":5}},"type":"if","locations":[{"start":{"line":34,"column":4},"end":{"line":38,"column":5}},{"start":{"line":36,"column":11},"end":{"line":38,"column":5}}],"line":34},"2":{"loc":{"start":{"line":42,"column":4},"end":{"line":46,"column":5}},"type":"if","locations":[{"start":{"line":42,"column":4},"end":{"line":46,"column":5}},{"start":{"line":44,"column":11},"end":{"line":46,"column":5}}],"line":42},"3":{"loc":{"start":{"line":57,"column":4},"end":{"line":65,"column":5}},"type":"if","locations":[{"start":{"line":57,"column":4},"end":{"line":65,"column":5}},{"start":{"line":61,"column":11},"end":{"line":65,"column":5}}],"line":57},"4":{"loc":{"start":{"line":69,"column":4},"end":{"line":76,"column":5}},"type":"if","locations":[{"start":{"line":69,"column":4},"end":{"line":76,"column":5}},{"start":{"line":74,"column":11},"end":{"line":76,"column":5}}],"line":69},"5":{"loc":{"start":{"line":80,"column":4},"end":{"line":84,"column":5}},"type":"if","locations":[{"start":{"line":80,"column":4},"end":{"line":84,"column":5}},{"start":{"line":82,"column":11},"end":{"line":84,"column":5}}],"line":80},"6":{"loc":{"start":{"line":88,"column":4},"end":{"line":92,"column":5}},"type":"if","locations":[{"start":{"line":88,"column":4},"end":{"line":92,"column":5}},{"start":{"line":90,"column":11},"end":{"line":92,"column":5}}],"line":88}},"s":{"0":4,"1":4,"2":1,"3":2,"4":2,"5":2,"6":2,"7":1,"8":1,"9":1,"10":1,"11":1,"12":0,"13":1,"14":1,"15":0,"16":0,"17":0,"18":0,"19":1,"20":1,"21":2,"22":0,"23":0,"24":0,"25":2,"26":2,"27":2,"28":1,"29":1,"30":1,"31":1,"32":1,"33":0,"34":1,"35":1,"36":0,"37":0,"38":0,"39":0,"40":1},"f":{"0":4,"1":1,"2":2,"3":1,"4":1,"5":0,"6":1,"7":2,"8":1,"9":1,"10":0},"b":{"0":[1,0],"1":[1,0],"2":[0,0],"3":[0,2],"4":[1,0],"5":[1,0],"6":[0,0]},"_coverageSchema":"1a1c01bbd47fc00a2c39e90264f33305004495a9","hash":"bbda09a109c2d5fbdc9fa083c7cb88cf609429b9"}
}
