TN:
SF:linked-list-insertions/linked-list-insertions.js
FN:4,(anonymous_0)
FN:11,(anonymous_1)
FN:15,(anonymous_2)
FN:22,(anonymous_3)
FN:29,(anonymous_4)
FN:40,(anonymous_5)
FN:50,(anonymous_6)
FN:58,(anonymous_7)
FN:75,(anonymous_8)
FNF:9
FNH:8
FNDA:34,(anonymous_0)
FNDA:12,(anonymous_1)
FNDA:0,(anonymous_2)
FNDA:1,(anonymous_3)
FNDA:2,(anonymous_4)
FNDA:1,(anonymous_5)
FNDA:4,(anonymous_6)
FNDA:2,(anonymous_7)
FNDA:2,(anonymous_8)
DA:5,34
DA:6,34
DA:12,12
DA:16,0
DA:17,0
DA:18,0
DA:23,1
DA:24,1
DA:25,1
DA:26,1
DA:30,2
DA:31,2
DA:32,2
DA:33,1
DA:35,1
DA:37,1
DA:41,1
DA:42,1
DA:43,1
DA:44,4
DA:45,4
DA:47,1
DA:51,4
DA:52,4
DA:53,7
DA:55,4
DA:59,2
DA:60,2
DA:61,2
DA:62,2
DA:63,1
DA:64,1
DA:65,1
DA:66,1
DA:67,1
DA:68,1
DA:69,1
DA:71,0
DA:76,2
DA:77,2
DA:78,2
DA:79,8
DA:80,2
DA:81,2
DA:83,8
DA:88,1
LF:46
LH:42
BRDA:16,0,0,0
BRDA:16,0,1,0
BRDA:32,1,0,1
BRDA:32,1,1,1
BRDA:62,2,0,1
BRDA:62,2,1,1
BRDA:66,3,0,1
BRDA:66,3,1,0
BRDA:79,4,0,2
BRDA:79,4,1,6
BRF:10
BRH:7
end_of_record
TN:
SF:linked-list-kth/linked-list-kth.js
FN:4,(anonymous_0)
FN:11,(anonymous_1)
FN:15,(anonymous_2)
FN:22,(anonymous_3)
FN:28,(anonymous_4)
FN:39,(anonymous_5)
FN:49,(anonymous_6)
FN:57,(anonymous_7)
FN:74,(anonymous_8)
FN:86,(anonymous_9)
FNF:10
FNH:3
FNDA:14,(anonymous_0)
FNDA:4,(anonymous_1)
FNDA:0,(anonymous_2)
FNDA:0,(anonymous_3)
FNDA:0,(anonymous_4)
FNDA:0,(anonymous_5)
FNDA:0,(anonymous_6)
FNDA:0,(anonymous_7)
FNDA:0,(anonymous_8)
FNDA:4,(anonymous_9)
DA:5,14
DA:6,14
DA:12,4
DA:16,0
DA:17,0
DA:18,0
DA:23,0
DA:24,0
DA:25,0
DA:29,0
DA:30,0
DA:31,0
DA:32,0
DA:34,0
DA:36,0
DA:40,0
DA:41,0
DA:42,0
DA:43,0
DA:44,0
DA:46,0
DA:50,0
DA:51,0
DA:52,0
DA:54,0
DA:58,0
DA:59,0
DA:60,0
DA:61,0
DA:62,0
DA:63,0
DA:64,0
DA:65,0
DA:66,0
DA:67,0
DA:68,0
DA:70,0
DA:75,0
DA:76,0
DA:77,0
DA:78,0
DA:79,0
DA:80,0
DA:82,0
DA:87,4
DA:88,3
DA:89,3
DA:90,3
DA:91,3
DA:92,12
DA:93,12
DA:94,12
DA:96,3
DA:97,1
DA:99,2
DA:102,1
DA:107,1
LF:57
LH:16
BRDA:16,0,0,0
BRDA:16,0,1,0
BRDA:31,1,0,0
BRDA:31,1,1,0
BRDA:61,2,0,0
BRDA:61,2,1,0
BRDA:65,3,0,0
BRDA:65,3,1,0
BRDA:78,4,0,0
BRDA:78,4,1,0
BRDA:87,5,0,3
BRDA:87,5,1,1
BRDA:96,6,0,1
BRDA:96,6,1,2
BRF:14
BRH:4
end_of_record
TN:
SF:linked-list-zip/linked-list-zip.js
FN:4,(anonymous_0)
FN:11,(anonymous_1)
FN:15,(anonymous_2)
FN:22,(anonymous_3)
FN:28,(anonymous_4)
FN:39,(anonymous_5)
FN:49,(anonymous_6)
FN:57,(anonymous_7)
FN:68,(anonymous_8)
FN:85,(anonymous_9)
FN:97,(anonymous_10)
FN:117,(anonymous_11)
FNF:12
FNH:4
FNDA:56,(anonymous_0)
FNDA:10,(anonymous_1)
FNDA:0,(anonymous_2)
FNDA:0,(anonymous_3)
FNDA:0,(anonymous_4)
FNDA:4,(anonymous_5)
FNDA:0,(anonymous_6)
FNDA:0,(anonymous_7)
FNDA:0,(anonymous_8)
FNDA:0,(anonymous_9)
FNDA:0,(anonymous_10)
FNDA:4,(anonymous_11)
DA:5,56
DA:6,56
DA:12,10
DA:16,0
DA:17,0
DA:18,0
DA:23,0
DA:24,0
DA:25,0
DA:29,0
DA:30,0
DA:31,0
DA:32,0
DA:34,0
DA:36,0
DA:40,4
DA:41,4
DA:42,4
DA:43,32
DA:44,32
DA:46,4
DA:50,0
DA:51,0
DA:52,0
DA:54,0
DA:58,0
DA:59,0
DA:61,0
DA:62,0
DA:64,0
DA:69,0
DA:70,0
DA:71,0
DA:72,0
DA:73,0
DA:74,0
DA:75,0
DA:76,0
DA:77,0
DA:78,0
DA:79,0
DA:81,0
DA:86,0
DA:87,0
DA:88,0
DA:89,0
DA:90,0
DA:91,0
DA:93,0
DA:98,0
DA:99,0
DA:100,0
DA:101,0
DA:102,0
DA:103,0
DA:104,0
DA:105,0
DA:107,0
DA:108,0
DA:110,0
DA:113,0
DA:117,1
DA:118,4
DA:119,4
DA:120,4
DA:121,4
DA:122,4
DA:123,4
DA:124,4
DA:125,18
DA:126,16
DA:127,16
DA:128,16
DA:129,15
DA:130,15
DA:133,18
DA:134,16
DA:135,16
DA:136,16
DA:137,13
DA:138,13
DA:142,4
DA:144,0
DA:148,1
DA:149,1
DA:150,1
DA:151,1
DA:152,1
DA:154,1
DA:155,1
DA:156,1
DA:157,1
DA:158,1
DA:160,1
DA:161,1
DA:163,1
LF:96
LH:43
BRDA:16,0,0,0
BRDA:16,0,1,0
BRDA:31,1,0,0
BRDA:31,1,1,0
BRDA:58,2,0,0
BRDA:58,2,1,0
BRDA:61,3,0,0
BRDA:61,3,1,0
BRDA:72,4,0,0
BRDA:72,4,1,0
BRDA:76,5,0,0
BRDA:76,5,1,0
BRDA:89,6,0,0
BRDA:89,6,1,0
BRDA:98,7,0,0
BRDA:98,7,1,0
BRDA:107,8,0,0
BRDA:107,8,1,0
BRDA:118,9,0,4
BRDA:118,9,1,0
BRDA:118,10,0,4
BRDA:118,10,1,4
BRDA:124,11,0,22
BRDA:124,11,1,6
BRDA:125,12,0,16
BRDA:125,12,1,2
BRDA:128,13,0,15
BRDA:128,13,1,1
BRDA:128,14,0,16
BRDA:128,14,1,4
BRDA:133,15,0,16
BRDA:133,15,1,2
BRDA:136,16,0,13
BRDA:136,16,1,3
BRDA:136,17,0,16
BRDA:136,17,1,5
BRF:36
BRH:17
end_of_record
TN:
SF:stack-and-queue/stack-and-queue.js
FN:4,(anonymous_0)
FN:11,(anonymous_1)
FN:15,(anonymous_2)
FN:22,(anonymous_3)
FN:33,(anonymous_4)
FN:41,(anonymous_5)
FN:51,(anonymous_6)
FN:56,(anonymous_7)
FN:68,(anonymous_8)
FN:79,(anonymous_9)
FN:87,(anonymous_10)
FNF:11
FNH:9
FNDA:4,(anonymous_0)
FNDA:1,(anonymous_1)
FNDA:2,(anonymous_2)
FNDA:1,(anonymous_3)
FNDA:1,(anonymous_4)
FNDA:0,(anonymous_5)
FNDA:1,(anonymous_6)
FNDA:2,(anonymous_7)
FNDA:1,(anonymous_8)
FNDA:1,(anonymous_9)
FNDA:0,(anonymous_10)
DA:5,4
DA:6,4
DA:12,1
DA:16,2
DA:17,2
DA:18,2
DA:19,2
DA:23,1
DA:24,1
DA:25,1
DA:26,1
DA:27,1
DA:29,0
DA:34,1
DA:35,1
DA:37,0
DA:42,0
DA:43,0
DA:45,0
DA:52,1
DA:53,1
DA:57,2
DA:58,0
DA:59,0
DA:60,0
DA:62,2
DA:63,2
DA:64,2
DA:69,1
DA:70,1
DA:71,1
DA:72,1
DA:73,1
DA:75,0
DA:80,1
DA:81,1
DA:83,0
DA:88,0
DA:89,0
DA:91,0
DA:96,1
LF:41
LH:28
BRDA:23,0,0,1
BRDA:23,0,1,0
BRDA:34,1,0,1
BRDA:34,1,1,0
BRDA:42,2,0,0
BRDA:42,2,1,0
BRDA:57,3,0,0
BRDA:57,3,1,2
BRDA:69,4,0,1
BRDA:69,4,1,0
BRDA:80,5,0,1
BRDA:80,5,1,0
BRDA:88,6,0,0
BRDA:88,6,1,0
BRF:14
BRH:5
end_of_record
